[2022-12-14 17:22:08] [INFO   ] cannot read configuration file config.properties trying from resources.
[2022-12-14 17:22:08] [INFO   ] configuration file was loaded from resources directory.
[2022-12-14 17:22:09] [INFO   ] Thread dealer starting.
[2022-12-14 17:22:09] [INFO   ] Thread Thread-3starting.
[2022-12-14 17:22:09] [INFO   ] Thread Thread-4starting.
[2022-12-14 17:22:09] [SEVERE ] placing card 30 in slot 0
[2022-12-14 17:22:09] [SEVERE ] placing card 2 in slot 1
[2022-12-14 17:22:09] [SEVERE ] placing card 9 in slot 2
[2022-12-14 17:22:09] [SEVERE ] placing card 45 in slot 3
[2022-12-14 17:22:09] [SEVERE ] placing card 67 in slot 4
[2022-12-14 17:22:09] [SEVERE ] placing card 68 in slot 5
[2022-12-14 17:22:10] [SEVERE ] placing card 25 in slot 6
[2022-12-14 17:22:10] [SEVERE ] placing card 31 in slot 7
[2022-12-14 17:22:10] [SEVERE ] placing card 13 in slot 8
[2022-12-14 17:22:10] [SEVERE ] placing card 15 in slot 9
[2022-12-14 17:22:10] [SEVERE ] placing card 29 in slot 10
[2022-12-14 17:22:10] [SEVERE ] placing card 28 in slot 11
[2022-12-14 17:22:13] [SEVERE ] Key 65 was pressed by player 0
[2022-12-14 17:22:13] [SEVERE ] player 0 placing token on slot 4
[2022-12-14 17:22:14] [SEVERE ] Key 83 was pressed by player 0
[2022-12-14 17:22:14] [SEVERE ] player 0 placing token on slot 5
[2022-12-14 17:22:16] [SEVERE ] Key 68 was pressed by player 0
[2022-12-14 17:22:16] [SEVERE ] player 0 placing token on slot 6
[2022-12-14 17:22:16] [SEVERE ] removing player 0 token from slot 4
[2022-12-14 17:22:16] [SEVERE ] removing player 0 token from slot 5
[2022-12-14 17:22:16] [SEVERE ] removing player 0 token from slot 6
[2022-12-14 17:22:16] [SEVERE ] setting player 0 freeze to 5000
[2022-12-14 17:22:21] [SEVERE ] Key 65 was pressed by player 0
[2022-12-14 17:22:21] [SEVERE ] Key 65 was pressed by player 0
[2022-12-14 17:22:21] [SEVERE ] Key 65 was pressed by player 0
[2022-12-14 17:22:21] [SEVERE ] Key 83 was pressed by player 0
[2022-12-14 17:22:21] [SEVERE ] Key 83 was pressed by player 0
[2022-12-14 17:22:21] [SEVERE ] Key 65 was pressed by player 0
[2022-12-14 17:22:21] [SEVERE ] Key 65 was pressed by player 0
[2022-12-14 17:22:21] [SEVERE ] Key 65 was pressed by player 0
[2022-12-14 17:22:21] [SEVERE ] Key 83 was pressed by player 0
