[2022-12-13 22:07:14] [INFO   ] cannot read configuration file config.properties trying from resources.
[2022-12-13 22:07:14] [INFO   ] configuration file was loaded from resources directory.
[2022-12-13 22:07:14] [INFO   ] Thread dealer starting.
[2022-12-13 22:07:14] [SEVERE ] placing card 62 in slot 0
[2022-12-13 22:07:14] [SEVERE ] placing card 51 in slot 1
[2022-12-13 22:07:15] [SEVERE ] placing card 23 in slot 2
[2022-12-13 22:07:15] [SEVERE ] placing card 73 in slot 3
[2022-12-13 22:07:15] [SEVERE ] placing card 25 in slot 4
[2022-12-13 22:07:15] [SEVERE ] placing card 40 in slot 5
[2022-12-13 22:07:15] [SEVERE ] placing card 72 in slot 6
[2022-12-13 22:07:15] [SEVERE ] placing card 70 in slot 7
[2022-12-13 22:07:15] [SEVERE ] placing card 26 in slot 8
[2022-12-13 22:07:15] [SEVERE ] placing card 51 in slot 9
[2022-12-13 22:07:15] [SEVERE ] placing card 57 in slot 10
[2022-12-13 22:07:16] [SEVERE ] placing card 0 in slot 11
[2022-12-13 22:07:16] [SEVERE ] Key 65 was pressed by player 0
[2022-12-13 22:07:17] [SEVERE ] placing card 0 in slot 4
[2022-12-13 22:07:17] [SEVERE ] player 0 placing token on slot 4
[2022-12-13 22:07:17] [SEVERE ] Key 65 was pressed by player 0
[2022-12-13 22:07:21] [SEVERE ] Exit button pressed
