[2022-12-14 16:18:39] [INFO   ] cannot read configuration file config.properties trying from resources.
[2022-12-14 16:18:39] [INFO   ] configuration file was loaded from resources directory.
[2022-12-14 16:18:40] [INFO   ] Thread dealer starting.
[2022-12-14 16:18:40] [INFO   ] Thread Thread-3starting.
[2022-12-14 16:18:40] [INFO   ] Thread Thread-4starting.
[2022-12-14 16:18:40] [SEVERE ] placing card 39 in slot 0
[2022-12-14 16:18:40] [SEVERE ] placing card 77 in slot 1
[2022-12-14 16:18:40] [SEVERE ] placing card 38 in slot 2
[2022-12-14 16:18:40] [SEVERE ] placing card 36 in slot 3
[2022-12-14 16:18:40] [SEVERE ] placing card 29 in slot 4
[2022-12-14 16:18:40] [SEVERE ] placing card 71 in slot 5
[2022-12-14 16:18:41] [SEVERE ] placing card 11 in slot 6
[2022-12-14 16:18:41] [SEVERE ] placing card 30 in slot 7
[2022-12-14 16:18:41] [SEVERE ] placing card 71 in slot 8
[2022-12-14 16:18:41] [SEVERE ] placing card 54 in slot 9
[2022-12-14 16:18:41] [SEVERE ] placing card 67 in slot 10
[2022-12-14 16:18:41] [SEVERE ] placing card 31 in slot 11
[2022-12-14 16:18:43] [SEVERE ] Key 65 was pressed by player 0
[2022-12-14 16:18:43] [SEVERE ] player 0 placing token on slot 4
[2022-12-14 16:18:44] [SEVERE ] Key 65 was pressed by player 0
[2022-12-14 16:18:47] [SEVERE ] Key 65 was pressed by player 0
[2022-12-14 16:18:47] [SEVERE ] Key 65 was pressed by player 0
[2022-12-14 16:18:48] [SEVERE ] Key 65 was pressed by player 0
[2022-12-14 16:18:48] [SEVERE ] Key 65 was pressed by player 0
[2022-12-14 16:18:49] [SEVERE ] Key 65 was pressed by player 0
[2022-12-14 16:18:50] [SEVERE ] Key 65 was pressed by player 0
