[2022-12-15 18:39:07] [INFO   ] cannot read configuration file config.properties trying from resources.
[2022-12-15 18:39:07] [INFO   ] configuration file was loaded from resources directory.
[2022-12-15 18:39:08] [INFO   ] Thread dealer starting.
[2022-12-15 18:39:08] [INFO   ] Thread Thread-3starting.
[2022-12-15 18:39:08] [INFO   ] Thread Thread-4starting.
[2022-12-15 18:39:08] [SEVERE ] placing card 61 in slot 0
[2022-12-15 18:39:08] [SEVERE ] placing card 49 in slot 1
[2022-12-15 18:39:08] [SEVERE ] placing card 19 in slot 2
[2022-12-15 18:39:08] [SEVERE ] placing card 65 in slot 3
[2022-12-15 18:39:08] [SEVERE ] placing card 4 in slot 4
[2022-12-15 18:39:08] [SEVERE ] placing card 67 in slot 5
[2022-12-15 18:39:08] [SEVERE ] placing card 28 in slot 6
[2022-12-15 18:39:08] [SEVERE ] placing card 79 in slot 7
[2022-12-15 18:39:09] [SEVERE ] placing card 13 in slot 8
[2022-12-15 18:39:09] [SEVERE ] placing card 71 in slot 9
[2022-12-15 18:39:09] [SEVERE ] placing card 44 in slot 10
[2022-12-15 18:39:09] [SEVERE ] placing card 47 in slot 11
[2022-12-15 18:39:11] [SEVERE ] Key 65 was pressed by player 0
[2022-12-15 18:39:14] [SEVERE ] Key 83 was pressed by player 0
[2022-12-15 18:39:14] [SEVERE ] Key 68 was pressed by player 0
[2022-12-15 18:39:14] [SEVERE ] setting player 0 score to 1
[2022-12-15 18:39:14] [SEVERE ] setting player 0 freeze to 1000
[2022-12-15 18:39:14] [SEVERE ] Key 83 was pressed by player 0
[2022-12-15 18:39:15] [SEVERE ] setting player 0 score to 2
[2022-12-15 18:39:15] [SEVERE ] removing player 0 token from slot 5
[2022-12-15 18:39:16] [SEVERE ] Key 65 was pressed by player 0
[2022-12-15 18:39:16] [SEVERE ] removing player 0 token from slot 4
[2022-12-15 18:39:16] [SEVERE ] Key 83 was pressed by player 0
