[2022-12-16 12:42:18] [INFO   ] cannot read configuration file config.properties trying from resources.
[2022-12-16 12:42:18] [INFO   ] configuration file was loaded from resources directory.
[2022-12-16 12:42:19] [INFO   ] Thread dealer starting.
[2022-12-16 12:42:19] [INFO   ] Thread Thread-3starting.
[2022-12-16 12:42:19] [INFO   ] Thread Thread-4starting.
[2022-12-16 12:42:19] [SEVERE ] placing card 26 in slot 0
[2022-12-16 12:42:19] [SEVERE ] placing card 45 in slot 1
[2022-12-16 12:42:19] [SEVERE ] placing card 73 in slot 2
[2022-12-16 12:42:19] [SEVERE ] placing card 61 in slot 3
[2022-12-16 12:42:19] [SEVERE ] placing card 38 in slot 4
[2022-12-16 12:42:19] [SEVERE ] placing card 79 in slot 5
[2022-12-16 12:42:20] [SEVERE ] placing card 77 in slot 6
[2022-12-16 12:42:20] [SEVERE ] placing card 51 in slot 7
[2022-12-16 12:42:20] [SEVERE ] placing card 4 in slot 8
[2022-12-16 12:42:20] [SEVERE ] placing card 7 in slot 9
[2022-12-16 12:42:20] [SEVERE ] placing card 34 in slot 10
[2022-12-16 12:42:20] [SEVERE ] placing card 48 in slot 11
[2022-12-16 12:42:24] [SEVERE ] Key 75 was pressed by player 1
[2022-12-16 12:42:24] [SEVERE ] player 1 placing token on slot 5
[2022-12-16 12:42:25] [SEVERE ] Key 75 was pressed by player 1
[2022-12-16 12:42:25] [SEVERE ] removing player 1 token from slot 5
[2022-12-16 12:42:25] [SEVERE ] Key 76 was pressed by player 1
[2022-12-16 12:42:25] [SEVERE ] player 1 placing token on slot 6
[2022-12-16 12:42:26] [SEVERE ] Key 76 was pressed by player 1
[2022-12-16 12:42:26] [SEVERE ] removing player 1 token from slot 6
[2022-12-16 12:42:26] [SEVERE ] Key 59 was pressed by player 1
[2022-12-16 12:42:26] [SEVERE ] player 1 placing token on slot 7
[2022-12-16 12:42:27] [SEVERE ] Key 46 was pressed by player 1
[2022-12-16 12:42:27] [SEVERE ] player 1 placing token on slot 10
[2022-12-16 12:42:27] [SEVERE ] Key 59 was pressed by player 1
[2022-12-16 12:42:27] [SEVERE ] removing player 1 token from slot 7
[2022-12-16 12:42:28] [SEVERE ] Key 59 was pressed by player 1
[2022-12-16 12:42:28] [SEVERE ] player 1 placing token on slot 7
[2022-12-16 12:42:28] [SEVERE ] Key 46 was pressed by player 1
[2022-12-16 12:42:28] [SEVERE ] removing player 1 token from slot 10
[2022-12-16 12:42:30] [SEVERE ] Key 47 was pressed by player 1
[2022-12-16 12:42:30] [SEVERE ] player 1 placing token on slot 11
[2022-12-16 12:42:31] [SEVERE ] Key 73 was pressed by player 1
[2022-12-16 12:42:31] [SEVERE ] player 1 placing token on slot 1
[2022-12-16 12:44:15] [SEVERE ] setting player 1 score to 1
[2022-12-16 12:44:15] [SEVERE ] setting player 1 freeze to 1000
