[2022-12-14 22:03:27] [INFO   ] cannot read configuration file config.properties trying from resources.
[2022-12-14 22:03:27] [INFO   ] configuration file was loaded from resources directory.
[2022-12-14 22:03:28] [INFO   ] Thread dealer starting.
[2022-12-14 22:03:28] [INFO   ] Thread Thread-3starting.
[2022-12-14 22:03:28] [INFO   ] Thread Thread-4starting.
[2022-12-14 22:03:28] [SEVERE ] placing card 72 in slot 0
[2022-12-14 22:03:28] [SEVERE ] placing card 67 in slot 1
[2022-12-14 22:03:28] [SEVERE ] placing card 57 in slot 2
[2022-12-14 22:03:28] [SEVERE ] placing card 43 in slot 3
[2022-12-14 22:03:28] [SEVERE ] placing card 69 in slot 4
[2022-12-14 22:03:28] [SEVERE ] placing card 44 in slot 5
[2022-12-14 22:03:28] [SEVERE ] placing card 58 in slot 6
[2022-12-14 22:03:28] [SEVERE ] placing card 3 in slot 7
[2022-12-14 22:03:29] [SEVERE ] placing card 2 in slot 8
[2022-12-14 22:03:29] [SEVERE ] placing card 16 in slot 9
[2022-12-14 22:03:29] [SEVERE ] placing card 62 in slot 10
[2022-12-14 22:03:29] [SEVERE ] placing card 24 in slot 11
[2022-12-14 22:03:32] [SEVERE ] Key 65 was pressed by player 0
[2022-12-14 22:03:32] [SEVERE ] player 0 placing token on slot 4
[2022-12-14 22:03:34] [SEVERE ] Key 87 was pressed by player 0
[2022-12-14 22:03:34] [SEVERE ] player 0 placing token on slot 1
[2022-12-14 22:03:36] [SEVERE ] Key 83 was pressed by player 0
[2022-12-14 22:03:36] [SEVERE ] player 0 placing token on slot 5
[2022-12-14 22:03:36] [SEVERE ] setting player 0 freeze to 3000
[2022-12-14 22:03:36] [SEVERE ] setting player 0 freeze to -1
[2022-12-14 22:03:40] [SEVERE ] Key 83 was pressed by player 0
[2022-12-14 22:03:41] [SEVERE ] Key 87 was pressed by player 0
[2022-12-14 22:03:41] [SEVERE ] Key 65 was pressed by player 0
[2022-12-14 22:03:42] [SEVERE ] Key 65 was pressed by player 0
[2022-12-14 22:03:42] [SEVERE ] Key 87 was pressed by player 0
[2022-12-14 22:03:43] [SEVERE ] Key 83 was pressed by player 0
[2022-12-14 22:03:43] [SEVERE ] Key 65 was pressed by player 0
[2022-12-14 22:03:43] [SEVERE ] Key 87 was pressed by player 0
[2022-12-14 22:03:43] [SEVERE ] Key 65 was pressed by player 0
[2022-12-14 22:03:44] [SEVERE ] Key 87 was pressed by player 0
[2022-12-14 22:03:44] [SEVERE ] Key 83 was pressed by player 0
[2022-12-14 22:03:44] [SEVERE ] Key 68 was pressed by player 0
[2022-12-14 22:03:45] [SEVERE ] Key 65 was pressed by player 0
[2022-12-14 22:03:45] [SEVERE ] Key 87 was pressed by player 0
[2022-12-14 22:03:45] [SEVERE ] Key 81 was pressed by player 0
[2022-12-14 22:03:46] [SEVERE ] Key 74 was pressed by player 1
[2022-12-14 22:03:46] [SEVERE ] player 1 placing token on slot 4
[2022-12-14 22:03:47] [SEVERE ] Key 76 was pressed by player 1
[2022-12-14 22:03:47] [SEVERE ] player 1 placing token on slot 6
[2022-12-14 22:03:47] [SEVERE ] Key 75 was pressed by player 1
[2022-12-14 22:03:47] [SEVERE ] player 1 placing token on slot 5
[2022-12-14 22:03:47] [SEVERE ] setting player 1 freeze to 3000
[2022-12-14 22:03:47] [SEVERE ] setting player 1 freeze to -1
[2022-12-14 22:03:47] [SEVERE ] Key 73 was pressed by player 1
[2022-12-14 22:03:48] [SEVERE ] Key 73 was pressed by player 1
[2022-12-14 22:03:48] [SEVERE ] Key 75 was pressed by player 1
[2022-12-14 22:03:49] [SEVERE ] Key 76 was pressed by player 1
[2022-12-14 22:03:49] [SEVERE ] Key 77 was pressed by player 1
