[2022-12-14 22:04:09] [INFO   ] cannot read configuration file config.properties trying from resources.
[2022-12-14 22:04:09] [INFO   ] configuration file was loaded from resources directory.
[2022-12-14 22:04:09] [INFO   ] Thread dealer starting.
[2022-12-14 22:04:09] [INFO   ] Thread Thread-3starting.
[2022-12-14 22:04:09] [INFO   ] Thread Thread-4starting.
[2022-12-14 22:04:09] [SEVERE ] placing card 60 in slot 0
[2022-12-14 22:04:09] [SEVERE ] placing card 43 in slot 1
[2022-12-14 22:04:09] [SEVERE ] placing card 28 in slot 2
[2022-12-14 22:04:10] [SEVERE ] placing card 46 in slot 3
[2022-12-14 22:04:10] [SEVERE ] placing card 33 in slot 4
[2022-12-14 22:04:10] [SEVERE ] placing card 29 in slot 5
[2022-12-14 22:04:10] [SEVERE ] placing card 17 in slot 6
[2022-12-14 22:04:10] [SEVERE ] placing card 44 in slot 7
[2022-12-14 22:04:10] [SEVERE ] placing card 15 in slot 8
[2022-12-14 22:04:10] [SEVERE ] placing card 26 in slot 9
[2022-12-14 22:04:10] [SEVERE ] placing card 65 in slot 10
[2022-12-14 22:04:10] [SEVERE ] placing card 74 in slot 11
[2022-12-14 22:04:14] [SEVERE ] Key 87 was pressed by player 0
[2022-12-14 22:04:14] [SEVERE ] player 0 placing token on slot 1
[2022-12-14 22:04:14] [SEVERE ] Key 65 was pressed by player 0
[2022-12-14 22:04:14] [SEVERE ] player 0 placing token on slot 4
[2022-12-14 22:04:15] [SEVERE ] Key 83 was pressed by player 0
[2022-12-14 22:04:15] [SEVERE ] player 0 placing token on slot 5
[2022-12-14 22:04:15] [SEVERE ] setting player 0 freeze to 3000
[2022-12-14 22:04:15] [SEVERE ] setting player 0 freeze to -1
[2022-12-14 22:04:17] [SEVERE ] Key 83 was pressed by player 0
[2022-12-14 22:04:18] [SEVERE ] Key 65 was pressed by player 0
[2022-12-14 22:04:18] [SEVERE ] Key 87 was pressed by player 0
