[2022-12-14 21:50:38] [INFO   ] cannot read configuration file config.properties trying from resources.
[2022-12-14 21:50:38] [INFO   ] configuration file was loaded from resources directory.
[2022-12-14 21:50:38] [INFO   ] Thread dealer starting.
[2022-12-14 21:50:38] [INFO   ] Thread Thread-4starting.
[2022-12-14 21:50:38] [INFO   ] Thread Thread-3starting.
[2022-12-14 21:50:39] [SEVERE ] placing card 44 in slot 0
[2022-12-14 21:50:39] [SEVERE ] placing card 45 in slot 1
[2022-12-14 21:50:39] [SEVERE ] placing card 23 in slot 2
[2022-12-14 21:50:39] [SEVERE ] placing card 6 in slot 3
[2022-12-14 21:50:39] [SEVERE ] placing card 41 in slot 4
[2022-12-14 21:50:39] [SEVERE ] placing card 76 in slot 5
[2022-12-14 21:50:39] [SEVERE ] placing card 65 in slot 6
[2022-12-14 21:50:39] [SEVERE ] placing card 73 in slot 7
[2022-12-14 21:50:39] [SEVERE ] placing card 13 in slot 8
[2022-12-14 21:50:40] [SEVERE ] placing card 79 in slot 9
[2022-12-14 21:50:40] [SEVERE ] placing card 10 in slot 10
[2022-12-14 21:50:40] [SEVERE ] placing card 28 in slot 11
[2022-12-14 21:50:45] [SEVERE ] Key 65 was pressed by player 0
[2022-12-14 21:50:45] [SEVERE ] player 0 placing token on slot 4
[2022-12-14 21:50:46] [SEVERE ] Key 65 was pressed by player 0
[2022-12-14 21:50:46] [SEVERE ] removing player 0 token from slot 4
[2022-12-14 21:50:47] [SEVERE ] Key 83 was pressed by player 0
[2022-12-14 21:50:47] [SEVERE ] player 0 placing token on slot 5
[2022-12-14 21:50:48] [SEVERE ] Key 87 was pressed by player 0
[2022-12-14 21:50:48] [SEVERE ] player 0 placing token on slot 1
[2022-12-14 21:50:49] [SEVERE ] Key 65 was pressed by player 0
[2022-12-14 21:50:49] [SEVERE ] player 0 placing token on slot 4
[2022-12-14 21:50:49] [SEVERE ] setting player 0 freeze to 3000
