[2022-12-15 21:56:59] [INFO   ] cannot read configuration file config.properties trying from resources.
[2022-12-15 21:56:59] [INFO   ] configuration file was loaded from resources directory.
[2022-12-15 21:56:59] [INFO   ] Thread dealer starting.
[2022-12-15 21:56:59] [INFO   ] Thread Thread-4starting.
[2022-12-15 21:56:59] [INFO   ] Thread Thread-3starting.
[2022-12-15 21:57:00] [SEVERE ] placing card 8 in slot 0
[2022-12-15 21:57:00] [SEVERE ] placing card 78 in slot 1
[2022-12-15 21:57:00] [SEVERE ] placing card 53 in slot 2
[2022-12-15 21:57:00] [SEVERE ] placing card 71 in slot 3
[2022-12-15 21:57:00] [SEVERE ] placing card 16 in slot 4
[2022-12-15 21:57:00] [SEVERE ] placing card 29 in slot 5
[2022-12-15 21:57:00] [SEVERE ] placing card 42 in slot 6
[2022-12-15 21:57:00] [SEVERE ] placing card 62 in slot 7
[2022-12-15 21:57:01] [SEVERE ] placing card 17 in slot 8
[2022-12-15 21:57:01] [SEVERE ] placing card 73 in slot 9
[2022-12-15 21:57:01] [SEVERE ] placing card 67 in slot 10
[2022-12-15 21:57:01] [SEVERE ] placing card 69 in slot 11
[2022-12-15 21:57:02] [SEVERE ] Key 65 was pressed by player 0
[2022-12-15 21:57:02] [SEVERE ] player 0 placing token on slot 4
[2022-12-15 21:57:04] [SEVERE ] Key 65 was pressed by player 0
[2022-12-15 21:57:04] [SEVERE ] player 0 placing token on slot 4
