[2022-12-14 22:01:15] [INFO   ] cannot read configuration file config.properties trying from resources.
[2022-12-14 22:01:15] [INFO   ] configuration file was loaded from resources directory.
[2022-12-14 22:01:15] [INFO   ] Thread dealer starting.
[2022-12-14 22:01:15] [INFO   ] Thread Thread-3starting.
[2022-12-14 22:01:15] [INFO   ] Thread Thread-4starting.
[2022-12-14 22:01:16] [SEVERE ] placing card 32 in slot 0
[2022-12-14 22:01:16] [SEVERE ] placing card 77 in slot 1
[2022-12-14 22:01:16] [SEVERE ] placing card 60 in slot 2
[2022-12-14 22:01:16] [SEVERE ] placing card 40 in slot 3
[2022-12-14 22:01:16] [SEVERE ] placing card 6 in slot 4
[2022-12-14 22:01:16] [SEVERE ] placing card 41 in slot 5
[2022-12-14 22:01:16] [SEVERE ] placing card 13 in slot 6
[2022-12-14 22:01:16] [SEVERE ] placing card 67 in slot 7
[2022-12-14 22:01:17] [SEVERE ] placing card 59 in slot 8
[2022-12-14 22:01:17] [SEVERE ] placing card 10 in slot 9
[2022-12-14 22:01:17] [SEVERE ] placing card 0 in slot 10
[2022-12-14 22:01:17] [SEVERE ] placing card 14 in slot 11
[2022-12-14 22:01:19] [SEVERE ] Key 65 was pressed by player 0
[2022-12-14 22:01:19] [SEVERE ] player 0 placing token on slot 4
[2022-12-14 22:01:21] [SEVERE ] Key 87 was pressed by player 0
[2022-12-14 22:01:21] [SEVERE ] player 0 placing token on slot 1
[2022-12-14 22:01:24] [SEVERE ] Key 81 was pressed by player 0
[2022-12-14 22:01:24] [SEVERE ] player 0 placing token on slot 0
[2022-12-14 22:01:24] [SEVERE ] setting player 0 freeze to 3000
[2022-12-14 22:01:27] [SEVERE ] setting player 0 freeze to -1
