[2022-12-15 22:09:33] [INFO   ] cannot read configuration file config.properties trying from resources.
[2022-12-15 22:09:33] [INFO   ] configuration file was loaded from resources directory.
[2022-12-15 22:09:33] [INFO   ] Thread dealer starting.
[2022-12-15 22:09:33] [INFO   ] Thread Thread-4starting.
[2022-12-15 22:09:33] [INFO   ] Thread Thread-3starting.
[2022-12-15 22:09:33] [SEVERE ] player 1 placing token on slot 1
[2022-12-15 22:09:33] [SEVERE ] player 0 placing token on slot 1
[2022-12-15 22:09:33] [SEVERE ] player 0 placing token on slot 1
[2022-12-15 22:09:33] [SEVERE ] player 1 placing token on slot 1
[2022-12-15 22:09:33] [SEVERE ] player 0 placing token on slot 1
[2022-12-15 22:09:34] [SEVERE ] player 1 placing token on slot 1
[2022-12-15 22:09:34] [SEVERE ] placing card 20 in slot 0
[2022-12-15 22:09:34] [SEVERE ] placing card 15 in slot 1
[2022-12-15 22:09:34] [SEVERE ] placing card 11 in slot 2
[2022-12-15 22:09:34] [SEVERE ] placing card 72 in slot 3
[2022-12-15 22:09:34] [SEVERE ] placing card 57 in slot 4
[2022-12-15 22:09:34] [SEVERE ] placing card 47 in slot 5
[2022-12-15 22:09:34] [SEVERE ] placing card 23 in slot 6
[2022-12-15 22:09:34] [SEVERE ] placing card 54 in slot 7
[2022-12-15 22:09:34] [SEVERE ] placing card 0 in slot 8
[2022-12-15 22:09:35] [SEVERE ] placing card 1 in slot 9
[2022-12-15 22:09:35] [SEVERE ] placing card 59 in slot 10
[2022-12-15 22:09:35] [SEVERE ] placing card 50 in slot 11
[2022-12-15 22:10:35] [SEVERE ] removing card from slot 0
[2022-12-15 22:10:35] [SEVERE ] removing card from slot 1
[2022-12-15 22:10:35] [SEVERE ] removing card from slot 2
[2022-12-15 22:10:35] [SEVERE ] removing card from slot 3
[2022-12-15 22:10:35] [SEVERE ] removing card from slot 4
[2022-12-15 22:10:35] [SEVERE ] removing card from slot 5
[2022-12-15 22:10:36] [SEVERE ] removing card from slot 6
[2022-12-15 22:10:36] [SEVERE ] removing card from slot 7
[2022-12-15 22:10:36] [SEVERE ] removing card from slot 8
[2022-12-15 22:10:36] [SEVERE ] removing card from slot 9
[2022-12-15 22:10:36] [SEVERE ] removing card from slot 10
[2022-12-15 22:10:36] [SEVERE ] removing card from slot 11
[2022-12-15 22:10:36] [SEVERE ] placing card 64 in slot 0
[2022-12-15 22:10:36] [SEVERE ] placing card 5 in slot 1
[2022-12-15 22:10:36] [SEVERE ] placing card 42 in slot 2
[2022-12-15 22:10:37] [SEVERE ] placing card 1 in slot 3
[2022-12-15 22:10:37] [SEVERE ] placing card 27 in slot 4
[2022-12-15 22:10:37] [SEVERE ] placing card 0 in slot 5
[2022-12-15 22:10:37] [SEVERE ] placing card 68 in slot 6
[2022-12-15 22:10:37] [SEVERE ] placing card 51 in slot 7
[2022-12-15 22:10:37] [INFO   ] Thread main terminated.
