[2022-12-15 18:46:11] [INFO   ] cannot read configuration file config.properties trying from resources.
[2022-12-15 18:46:11] [INFO   ] configuration file was loaded from resources directory.
[2022-12-15 18:46:13] [INFO   ] Thread dealer starting.
[2022-12-15 18:46:13] [INFO   ] Thread Thread-3starting.
[2022-12-15 18:46:13] [INFO   ] Thread Thread-4starting.
[2022-12-15 18:46:13] [SEVERE ] placing card 62 in slot 0
[2022-12-15 18:46:13] [SEVERE ] placing card 67 in slot 1
[2022-12-15 18:46:13] [SEVERE ] placing card 17 in slot 2
[2022-12-15 18:46:13] [SEVERE ] placing card 30 in slot 3
[2022-12-15 18:46:13] [SEVERE ] placing card 48 in slot 4
[2022-12-15 18:46:13] [SEVERE ] placing card 10 in slot 5
[2022-12-15 18:46:13] [SEVERE ] placing card 22 in slot 6
[2022-12-15 18:46:13] [SEVERE ] placing card 53 in slot 7
[2022-12-15 18:46:14] [SEVERE ] placing card 18 in slot 8
[2022-12-15 18:46:14] [SEVERE ] placing card 70 in slot 9
[2022-12-15 18:46:14] [SEVERE ] placing card 65 in slot 10
[2022-12-15 18:46:14] [SEVERE ] placing card 7 in slot 11
[2022-12-15 18:46:15] [SEVERE ] Key 65 was pressed by player 0
[2022-12-15 18:46:45] [SEVERE ] player 0 placing token on slot 48
[2022-12-15 18:46:52] [SEVERE ] Key 65 was pressed by player 0
[2022-12-15 18:46:53] [SEVERE ] Key 83 was pressed by player 0
[2022-12-15 18:46:53] [SEVERE ] Key 68 was pressed by player 0
[2022-12-15 18:46:53] [SEVERE ] Key 88 was pressed by player 0
[2022-12-15 18:46:54] [SEVERE ] Key 90 was pressed by player 0
[2022-12-15 18:46:54] [SEVERE ] Key 90 was pressed by player 0
[2022-12-15 18:46:55] [SEVERE ] Key 65 was pressed by player 0
[2022-12-15 18:46:55] [SEVERE ] Key 87 was pressed by player 0
[2022-12-15 18:46:55] [SEVERE ] Key 87 was pressed by player 0
[2022-12-15 18:46:55] [SEVERE ] Key 68 was pressed by player 0
[2022-12-15 18:46:55] [SEVERE ] Key 68 was pressed by player 0
[2022-12-15 18:46:55] [SEVERE ] Key 68 was pressed by player 0
[2022-12-15 18:46:56] [SEVERE ] Key 83 was pressed by player 0
[2022-12-15 18:46:56] [SEVERE ] Key 65 was pressed by player 0
[2022-12-15 18:46:56] [SEVERE ] Key 65 was pressed by player 0
[2022-12-15 18:46:56] [SEVERE ] Key 65 was pressed by player 0
[2022-12-15 18:46:56] [SEVERE ] Key 65 was pressed by player 0
[2022-12-15 18:46:56] [SEVERE ] Key 83 was pressed by player 0
[2022-12-15 18:46:57] [SEVERE ] Key 83 was pressed by player 0
[2022-12-15 18:46:57] [SEVERE ] Key 67 was pressed by player 0
[2022-12-15 18:46:57] [SEVERE ] Key 67 was pressed by player 0
[2022-12-15 18:46:57] [SEVERE ] Key 88 was pressed by player 0
[2022-12-15 18:46:57] [SEVERE ] Key 65 was pressed by player 0
