[2022-12-14 17:27:35] [INFO   ] cannot read configuration file config.properties trying from resources.
[2022-12-14 17:27:35] [INFO   ] configuration file was loaded from resources directory.
[2022-12-14 17:27:36] [INFO   ] Thread dealer starting.
[2022-12-14 17:27:36] [INFO   ] Thread Thread-3starting.
[2022-12-14 17:27:36] [INFO   ] Thread Thread-4starting.
[2022-12-14 17:27:36] [SEVERE ] placing card 41 in slot 0
[2022-12-14 17:27:36] [SEVERE ] placing card 58 in slot 1
[2022-12-14 17:27:36] [SEVERE ] placing card 64 in slot 2
[2022-12-14 17:27:36] [SEVERE ] placing card 14 in slot 3
[2022-12-14 17:27:37] [SEVERE ] placing card 74 in slot 4
[2022-12-14 17:27:37] [SEVERE ] placing card 57 in slot 5
[2022-12-14 17:27:37] [SEVERE ] placing card 28 in slot 6
[2022-12-14 17:27:37] [SEVERE ] placing card 77 in slot 7
[2022-12-14 17:27:37] [SEVERE ] placing card 9 in slot 8
[2022-12-14 17:27:37] [SEVERE ] placing card 19 in slot 9
[2022-12-14 17:27:37] [SEVERE ] placing card 10 in slot 10
[2022-12-14 17:27:37] [SEVERE ] placing card 21 in slot 11
[2022-12-14 17:27:38] [SEVERE ] Key 65 was pressed by player 0
[2022-12-14 17:27:38] [SEVERE ] player 0 placing token on slot 4
[2022-12-14 17:27:39] [SEVERE ] Key 65 was pressed by player 0
[2022-12-14 17:27:39] [SEVERE ] removing player 0 token from slot 4
[2022-12-14 17:27:43] [SEVERE ] Key 83 was pressed by player 0
[2022-12-14 17:27:43] [SEVERE ] player 0 placing token on slot 5
[2022-12-14 17:27:43] [SEVERE ] Key 68 was pressed by player 0
[2022-12-14 17:27:43] [SEVERE ] player 0 placing token on slot 6
[2022-12-14 17:27:45] [SEVERE ] Key 65 was pressed by player 0
[2022-12-14 17:27:45] [SEVERE ] player 0 placing token on slot 4
[2022-12-14 17:27:45] [SEVERE ] removing player 0 token from slot 5
[2022-12-14 17:27:45] [SEVERE ] removing player 0 token from slot 6
[2022-12-14 17:27:45] [SEVERE ] removing player 0 token from slot 4
[2022-12-14 17:27:45] [SEVERE ] setting player 0 freeze to 5000
[2022-12-14 17:27:57] [SEVERE ] Key 65 was pressed by player 0
[2022-12-14 17:27:58] [SEVERE ] Key 83 was pressed by player 0
[2022-12-14 17:27:58] [SEVERE ] Key 68 was pressed by player 0
