[2022-12-14 22:09:23] [INFO   ] cannot read configuration file config.properties trying from resources.
[2022-12-14 22:09:23] [INFO   ] configuration file was loaded from resources directory.
[2022-12-14 22:09:24] [INFO   ] Thread dealer starting.
[2022-12-14 22:09:24] [INFO   ] Thread Thread-3starting.
[2022-12-14 22:09:24] [INFO   ] Thread Thread-4starting.
[2022-12-14 22:09:24] [SEVERE ] placing card 42 in slot 0
[2022-12-14 22:09:24] [SEVERE ] placing card 27 in slot 1
[2022-12-14 22:09:24] [SEVERE ] placing card 43 in slot 2
[2022-12-14 22:09:24] [SEVERE ] placing card 74 in slot 3
[2022-12-14 22:09:25] [SEVERE ] placing card 38 in slot 4
[2022-12-14 22:09:25] [SEVERE ] placing card 8 in slot 5
[2022-12-14 22:09:25] [SEVERE ] placing card 51 in slot 6
[2022-12-14 22:09:25] [SEVERE ] placing card 44 in slot 7
[2022-12-14 22:09:25] [SEVERE ] placing card 7 in slot 8
[2022-12-14 22:09:25] [SEVERE ] placing card 18 in slot 9
[2022-12-14 22:09:25] [SEVERE ] placing card 1 in slot 10
[2022-12-14 22:09:25] [SEVERE ] placing card 4 in slot 11
[2022-12-14 22:09:26] [SEVERE ] Key 65 was pressed by player 0
[2022-12-14 22:09:26] [SEVERE ] player 0 placing token on slot 4
[2022-12-14 22:09:27] [SEVERE ] Key 87 was pressed by player 0
[2022-12-14 22:09:27] [SEVERE ] player 0 placing token on slot 1
[2022-12-14 22:09:28] [SEVERE ] Key 83 was pressed by player 0
[2022-12-14 22:09:28] [SEVERE ] player 0 placing token on slot 5
[2022-12-14 22:09:28] [SEVERE ] setting player 0 freeze to 3000
[2022-12-14 22:09:30] [SEVERE ] Key 87 was pressed by player 0
[2022-12-14 22:09:30] [SEVERE ] Key 87 was pressed by player 0
[2022-12-14 22:09:30] [SEVERE ] Key 65 was pressed by player 0
[2022-12-14 22:09:30] [SEVERE ] Key 83 was pressed by player 0
[2022-12-14 22:09:31] [SEVERE ] Key 81 was pressed by player 0
[2022-12-14 22:09:31] [SEVERE ] Key 81 was pressed by player 0
[2022-12-14 22:09:31] [SEVERE ] Key 81 was pressed by player 0
[2022-12-14 22:09:31] [SEVERE ] Key 81 was pressed by player 0
[2022-12-14 22:09:31] [SEVERE ] Key 83 was pressed by player 0
[2022-12-14 22:09:32] [SEVERE ] Key 83 was pressed by player 0
[2022-12-14 22:09:32] [SEVERE ] Key 65 was pressed by player 0
[2022-12-14 22:09:35] [SEVERE ] Key 65 was pressed by player 0
[2022-12-14 22:09:35] [SEVERE ] Key 87 was pressed by player 0
[2022-12-14 22:09:36] [SEVERE ] Key 83 was pressed by player 0
[2022-12-14 22:09:36] [SEVERE ] Key 81 was pressed by player 0
[2022-12-14 22:09:37] [SEVERE ] Key 81 was pressed by player 0
[2022-12-14 22:09:37] [SEVERE ] Key 81 was pressed by player 0
[2022-12-14 22:09:38] [SEVERE ] Key 81 was pressed by player 0
[2022-12-14 22:09:40] [SEVERE ] Key 81 was pressed by player 0
[2022-12-14 22:09:40] [SEVERE ] Key 81 was pressed by player 0
[2022-12-14 22:09:40] [SEVERE ] Key 68 was pressed by player 0
[2022-12-14 22:09:41] [SEVERE ] Key 87 was pressed by player 0
[2022-12-14 22:09:41] [SEVERE ] Key 81 was pressed by player 0
[2022-12-14 22:09:41] [SEVERE ] Key 65 was pressed by player 0
[2022-12-14 22:09:42] [SEVERE ] Key 90 was pressed by player 0
