[2022-12-14 22:05:00] [INFO   ] cannot read configuration file config.properties trying from resources.
[2022-12-14 22:05:00] [INFO   ] configuration file was loaded from resources directory.
[2022-12-14 22:05:00] [INFO   ] Thread dealer starting.
[2022-12-14 22:05:00] [INFO   ] Thread Thread-4starting.
[2022-12-14 22:05:00] [INFO   ] Thread Thread-3starting.
[2022-12-14 22:05:01] [SEVERE ] placing card 72 in slot 0
[2022-12-14 22:05:01] [SEVERE ] placing card 19 in slot 1
[2022-12-14 22:05:01] [SEVERE ] placing card 2 in slot 2
[2022-12-14 22:05:01] [SEVERE ] placing card 23 in slot 3
[2022-12-14 22:05:01] [SEVERE ] placing card 59 in slot 4
[2022-12-14 22:05:01] [SEVERE ] placing card 33 in slot 5
[2022-12-14 22:05:01] [SEVERE ] placing card 28 in slot 6
[2022-12-14 22:05:01] [SEVERE ] placing card 66 in slot 7
[2022-12-14 22:05:02] [SEVERE ] placing card 62 in slot 8
[2022-12-14 22:05:02] [SEVERE ] placing card 22 in slot 9
[2022-12-14 22:05:02] [SEVERE ] placing card 25 in slot 10
[2022-12-14 22:05:02] [SEVERE ] placing card 0 in slot 11
[2022-12-14 22:05:09] [SEVERE ] Key 65 was pressed by player 0
[2022-12-14 22:05:09] [SEVERE ] player 0 placing token on slot 4
[2022-12-14 22:05:09] [SEVERE ] Key 65 was pressed by player 0
[2022-12-14 22:05:09] [SEVERE ] removing player 0 token from slot 4
[2022-12-14 22:05:10] [SEVERE ] Key 87 was pressed by player 0
[2022-12-14 22:05:10] [SEVERE ] player 0 placing token on slot 1
[2022-12-14 22:05:11] [SEVERE ] Key 65 was pressed by player 0
[2022-12-14 22:05:11] [SEVERE ] player 0 placing token on slot 4
[2022-12-14 22:05:13] [SEVERE ] Key 83 was pressed by player 0
[2022-12-14 22:05:13] [SEVERE ] player 0 placing token on slot 5
[2022-12-14 22:05:13] [SEVERE ] setting player 0 freeze to 3000
[2022-12-14 22:05:14] [SEVERE ] Key 83 was pressed by player 0
[2022-12-14 22:05:17] [SEVERE ] Key 83 was pressed by player 0
[2022-12-14 22:05:17] [SEVERE ] Key 83 was pressed by player 0
[2022-12-14 22:05:20] [SEVERE ] Key 65 was pressed by player 0
[2022-12-14 22:05:20] [SEVERE ] Key 87 was pressed by player 0
