[2022-12-14 16:18:07] [INFO   ] cannot read configuration file config.properties trying from resources.
[2022-12-14 16:18:07] [INFO   ] configuration file was loaded from resources directory.
[2022-12-14 16:18:07] [INFO   ] Thread dealer starting.
[2022-12-14 16:18:07] [INFO   ] Thread Thread-3starting.
[2022-12-14 16:18:07] [INFO   ] Thread Thread-4starting.
[2022-12-14 16:18:08] [SEVERE ] placing card 51 in slot 0
[2022-12-14 16:18:08] [SEVERE ] placing card 23 in slot 1
[2022-12-14 16:18:08] [SEVERE ] placing card 45 in slot 2
[2022-12-14 16:18:08] [SEVERE ] placing card 43 in slot 3
[2022-12-14 16:18:08] [SEVERE ] placing card 9 in slot 4
[2022-12-14 16:18:08] [SEVERE ] placing card 57 in slot 5
[2022-12-14 16:18:08] [SEVERE ] placing card 42 in slot 6
[2022-12-14 16:18:08] [SEVERE ] placing card 15 in slot 7
[2022-12-14 16:18:08] [SEVERE ] placing card 61 in slot 8
[2022-12-14 16:18:09] [SEVERE ] placing card 59 in slot 9
[2022-12-14 16:18:09] [SEVERE ] placing card 27 in slot 10
[2022-12-14 16:18:09] [SEVERE ] placing card 43 in slot 11
[2022-12-14 16:18:11] [SEVERE ] Key 65 was pressed by player 0
[2022-12-14 16:18:11] [SEVERE ] player 0 placing token on slot 4
[2022-12-14 16:18:13] [SEVERE ] Key 83 was pressed by player 0
[2022-12-14 16:18:13] [SEVERE ] player 0 placing token on slot 5
[2022-12-14 16:18:14] [SEVERE ] Key 68 was pressed by player 0
[2022-12-14 16:18:14] [SEVERE ] player 0 placing token on slot 6
[2022-12-14 16:18:14] [SEVERE ] removing player 0 token from slot 4
[2022-12-14 16:18:14] [SEVERE ] removing player 0 token from slot 5
[2022-12-14 16:18:14] [SEVERE ] removing player 0 token from slot 6
[2022-12-14 16:18:14] [SEVERE ] setting player 0 freeze to 5000
