[2022-12-14 17:37:02] [INFO   ] cannot read configuration file config.properties trying from resources.
[2022-12-14 17:37:02] [INFO   ] configuration file was loaded from resources directory.
[2022-12-14 17:37:03] [INFO   ] Thread dealer starting.
[2022-12-14 17:37:03] [INFO   ] Thread Thread-3starting.
[2022-12-14 17:37:03] [INFO   ] Thread Thread-4starting.
[2022-12-14 17:37:03] [SEVERE ] placing card 72 in slot 0
[2022-12-14 17:37:03] [SEVERE ] placing card 10 in slot 1
[2022-12-14 17:37:03] [SEVERE ] placing card 33 in slot 2
[2022-12-14 17:37:03] [SEVERE ] placing card 70 in slot 3
[2022-12-14 17:37:03] [SEVERE ] placing card 34 in slot 4
[2022-12-14 17:37:03] [SEVERE ] placing card 19 in slot 5
[2022-12-14 17:37:03] [SEVERE ] placing card 74 in slot 6
[2022-12-14 17:37:04] [SEVERE ] placing card 14 in slot 7
[2022-12-14 17:37:04] [SEVERE ] placing card 65 in slot 8
[2022-12-14 17:37:04] [SEVERE ] placing card 54 in slot 9
[2022-12-14 17:37:04] [SEVERE ] placing card 80 in slot 10
[2022-12-14 17:37:04] [SEVERE ] placing card 5 in slot 11
[2022-12-14 17:37:07] [SEVERE ] Key 65 was pressed by player 0
[2022-12-14 17:37:07] [SEVERE ] player 0 placing token on slot 4
[2022-12-14 17:37:08] [SEVERE ] Key 65 was pressed by player 0
[2022-12-14 17:37:08] [SEVERE ] removing player 0 token from slot 4
[2022-12-14 17:37:09] [SEVERE ] Key 65 was pressed by player 0
[2022-12-14 17:37:09] [SEVERE ] player 0 placing token on slot 4
[2022-12-14 17:37:10] [SEVERE ] Key 65 was pressed by player 0
[2022-12-14 17:37:10] [SEVERE ] removing player 0 token from slot 4
[2022-12-14 17:37:10] [SEVERE ] Key 65 was pressed by player 0
[2022-12-14 17:37:10] [SEVERE ] player 0 placing token on slot 4
[2022-12-14 17:37:11] [SEVERE ] Key 65 was pressed by player 0
[2022-12-14 17:37:11] [SEVERE ] removing player 0 token from slot 4
[2022-12-14 17:37:11] [SEVERE ] Key 65 was pressed by player 0
[2022-12-14 17:37:11] [SEVERE ] player 0 placing token on slot 4
[2022-12-14 17:37:12] [SEVERE ] Key 65 was pressed by player 0
[2022-12-14 17:37:12] [SEVERE ] removing player 0 token from slot 4
[2022-12-14 17:37:13] [SEVERE ] Key 65 was pressed by player 0
[2022-12-14 17:37:13] [SEVERE ] player 0 placing token on slot 4
[2022-12-14 17:37:14] [SEVERE ] Key 83 was pressed by player 0
[2022-12-14 17:37:14] [SEVERE ] player 0 placing token on slot 5
[2022-12-14 17:37:16] [SEVERE ] Key 90 was pressed by player 0
[2022-12-14 17:37:16] [SEVERE ] player 0 placing token on slot 8
[2022-12-14 17:37:16] [SEVERE ] removing player 0 token from slot 4
[2022-12-14 17:37:16] [SEVERE ] removing player 0 token from slot 5
[2022-12-14 17:37:16] [SEVERE ] removing player 0 token from slot 8
[2022-12-14 17:37:16] [SEVERE ] setting player 0 freeze to 5000
