[2022-12-14 22:08:58] [INFO   ] cannot read configuration file config.properties trying from resources.
[2022-12-14 22:08:58] [INFO   ] configuration file was loaded from resources directory.
[2022-12-14 22:08:58] [INFO   ] Thread dealer starting.
[2022-12-14 22:08:58] [INFO   ] Thread Thread-4starting.
[2022-12-14 22:08:58] [INFO   ] Thread Thread-3starting.
[2022-12-14 22:08:58] [SEVERE ] placing card 39 in slot 0
[2022-12-14 22:08:58] [SEVERE ] placing card 23 in slot 1
[2022-12-14 22:08:58] [SEVERE ] placing card 61 in slot 2
[2022-12-14 22:08:58] [SEVERE ] placing card 45 in slot 3
[2022-12-14 22:08:59] [SEVERE ] placing card 78 in slot 4
[2022-12-14 22:08:59] [SEVERE ] placing card 2 in slot 5
[2022-12-14 22:08:59] [SEVERE ] placing card 14 in slot 6
[2022-12-14 22:08:59] [SEVERE ] placing card 32 in slot 7
[2022-12-14 22:08:59] [SEVERE ] placing card 29 in slot 8
[2022-12-14 22:08:59] [SEVERE ] placing card 43 in slot 9
[2022-12-14 22:08:59] [SEVERE ] placing card 72 in slot 10
[2022-12-14 22:08:59] [SEVERE ] placing card 5 in slot 11
[2022-12-14 22:09:03] [SEVERE ] Key 65 was pressed by player 0
[2022-12-14 22:09:03] [SEVERE ] player 0 placing token on slot 4
[2022-12-14 22:09:04] [SEVERE ] Key 87 was pressed by player 0
[2022-12-14 22:09:04] [SEVERE ] player 0 placing token on slot 1
[2022-12-14 22:09:05] [SEVERE ] Key 83 was pressed by player 0
[2022-12-14 22:09:05] [SEVERE ] player 0 placing token on slot 5
[2022-12-14 22:09:05] [SEVERE ] setting player 0 freeze to 3000
[2022-12-14 22:09:05] [SEVERE ] setting player 0 freeze to -1000
[2022-12-14 22:09:07] [SEVERE ] Key 83 was pressed by player 0
[2022-12-14 22:09:08] [SEVERE ] Key 87 was pressed by player 0
[2022-12-14 22:09:08] [SEVERE ] Key 65 was pressed by player 0
