[2022-12-16 12:40:43] [INFO   ] cannot read configuration file config.properties trying from resources.
[2022-12-16 12:40:43] [INFO   ] configuration file was loaded from resources directory.
[2022-12-16 12:40:44] [INFO   ] Thread dealer starting.
[2022-12-16 12:40:44] [INFO   ] Thread Thread-4starting.
[2022-12-16 12:40:44] [INFO   ] Thread Thread-3starting.
[2022-12-16 12:40:44] [SEVERE ] placing card 43 in slot 0
[2022-12-16 12:40:44] [SEVERE ] placing card 74 in slot 1
[2022-12-16 12:40:44] [SEVERE ] placing card 56 in slot 2
[2022-12-16 12:40:44] [SEVERE ] placing card 38 in slot 3
[2022-12-16 12:40:44] [SEVERE ] placing card 48 in slot 4
[2022-12-16 12:40:44] [SEVERE ] placing card 52 in slot 5
[2022-12-16 12:40:45] [SEVERE ] placing card 49 in slot 6
[2022-12-16 12:40:45] [SEVERE ] placing card 65 in slot 7
[2022-12-16 12:40:45] [SEVERE ] placing card 64 in slot 8
[2022-12-16 12:40:45] [SEVERE ] placing card 22 in slot 9
[2022-12-16 12:40:45] [SEVERE ] placing card 69 in slot 10
[2022-12-16 12:40:45] [SEVERE ] placing card 4 in slot 11
[2022-12-16 12:40:52] [SEVERE ] Key 85 was pressed by player 1
[2022-12-16 12:41:06] [SEVERE ] player 1 placing token on slot 0
[2022-12-16 12:41:15] [SEVERE ] Key 73 was pressed by player 1
[2022-12-16 12:41:20] [SEVERE ] player 1 placing token on slot 1
