[2022-12-14 16:37:58] [INFO   ] cannot read configuration file config.properties trying from resources.
[2022-12-14 16:37:58] [INFO   ] configuration file was loaded from resources directory.
[2022-12-14 16:37:59] [INFO   ] Thread dealer starting.
[2022-12-14 16:37:59] [INFO   ] Thread Thread-3starting.
[2022-12-14 16:37:59] [INFO   ] Thread Thread-4starting.
[2022-12-14 16:37:59] [SEVERE ] placing card 22 in slot 0
[2022-12-14 16:37:59] [SEVERE ] placing card 11 in slot 1
[2022-12-14 16:37:59] [SEVERE ] placing card 21 in slot 2
[2022-12-14 16:38:00] [SEVERE ] placing card 6 in slot 3
[2022-12-14 16:38:00] [SEVERE ] placing card 55 in slot 4
[2022-12-14 16:38:00] [SEVERE ] placing card 63 in slot 5
[2022-12-14 16:38:00] [SEVERE ] placing card 64 in slot 6
[2022-12-14 16:38:00] [SEVERE ] placing card 4 in slot 7
[2022-12-14 16:38:00] [SEVERE ] placing card 56 in slot 8
[2022-12-14 16:38:00] [SEVERE ] placing card 41 in slot 9
[2022-12-14 16:38:00] [SEVERE ] placing card 1 in slot 10
[2022-12-14 16:38:00] [SEVERE ] placing card 24 in slot 11
[2022-12-14 16:38:03] [SEVERE ] Key 65 was pressed by player 0
[2022-12-14 16:39:23] [SEVERE ] removing card from slot 0
[2022-12-14 16:39:28] [SEVERE ] removing card from slot 1
[2022-12-14 16:39:32] [SEVERE ] removing card from slot 2
[2022-12-14 16:39:34] [SEVERE ] removing card from slot 3
[2022-12-14 16:39:37] [SEVERE ] removing card from slot 4
[2022-12-14 16:39:39] [SEVERE ] removing card from slot 5
[2022-12-14 16:39:42] [SEVERE ] removing card from slot 6
[2022-12-14 16:39:45] [SEVERE ] removing card from slot 7
[2022-12-14 16:39:48] [SEVERE ] removing card from slot 8
[2022-12-14 16:40:23] [SEVERE ] removing card from slot 9
[2022-12-14 16:40:23] [SEVERE ] removing card from slot 10
[2022-12-14 16:40:27] [SEVERE ] removing card from slot 11
[2022-12-14 16:40:42] [SEVERE ] placing card 7 in slot 0
