[2022-12-14 22:18:06] [INFO   ] cannot read configuration file config.properties trying from resources.
[2022-12-14 22:18:06] [INFO   ] configuration file was loaded from resources directory.
[2022-12-14 22:18:07] [INFO   ] Thread dealer starting.
[2022-12-14 22:18:07] [INFO   ] Thread Thread-4starting.
[2022-12-14 22:18:07] [INFO   ] Thread Thread-3starting.
[2022-12-14 22:18:07] [SEVERE ] placing card 16 in slot 0
[2022-12-14 22:18:07] [SEVERE ] placing card 67 in slot 1
[2022-12-14 22:18:07] [SEVERE ] placing card 21 in slot 2
[2022-12-14 22:18:07] [SEVERE ] placing card 64 in slot 3
[2022-12-14 22:18:07] [SEVERE ] placing card 69 in slot 4
[2022-12-14 22:18:07] [SEVERE ] placing card 78 in slot 5
[2022-12-14 22:18:07] [SEVERE ] placing card 48 in slot 6
[2022-12-14 22:18:07] [SEVERE ] placing card 73 in slot 7
[2022-12-14 22:18:08] [SEVERE ] placing card 50 in slot 8
[2022-12-14 22:18:08] [SEVERE ] placing card 74 in slot 9
[2022-12-14 22:18:08] [SEVERE ] placing card 34 in slot 10
[2022-12-14 22:18:08] [SEVERE ] placing card 68 in slot 11
[2022-12-14 22:18:31] [SEVERE ] Key 65 was pressed by player 0
[2022-12-14 22:18:31] [SEVERE ] player 0 placing token on slot 4
[2022-12-14 22:18:31] [SEVERE ] Key 65 was pressed by player 0
[2022-12-14 22:18:31] [SEVERE ] removing player 0 token from slot 4
[2022-12-14 22:18:32] [SEVERE ] Key 65 was pressed by player 0
[2022-12-14 22:18:32] [SEVERE ] player 0 placing token on slot 4
[2022-12-14 22:18:32] [SEVERE ] Key 65 was pressed by player 0
[2022-12-14 22:18:32] [SEVERE ] removing player 0 token from slot 4
[2022-12-14 22:18:32] [SEVERE ] Key 65 was pressed by player 0
[2022-12-14 22:18:32] [SEVERE ] player 0 placing token on slot 4
[2022-12-14 22:18:33] [SEVERE ] Key 65 was pressed by player 0
[2022-12-14 22:18:33] [SEVERE ] removing player 0 token from slot 4
[2022-12-14 22:18:33] [SEVERE ] Key 87 was pressed by player 0
[2022-12-14 22:18:33] [SEVERE ] player 0 placing token on slot 1
[2022-12-14 22:18:35] [SEVERE ] Key 65 was pressed by player 0
[2022-12-14 22:18:35] [SEVERE ] player 0 placing token on slot 4
[2022-12-14 22:18:36] [SEVERE ] Key 83 was pressed by player 0
[2022-12-14 22:18:36] [SEVERE ] player 0 placing token on slot 5
[2022-12-14 22:18:36] [SEVERE ] setting player 0 freeze to 3000
[2022-12-14 22:18:38] [SEVERE ] Key 83 was pressed by player 0
[2022-12-14 22:18:39] [SEVERE ] Key 74 was pressed by player 1
[2022-12-14 22:18:39] [SEVERE ] player 1 placing token on slot 4
[2022-12-14 22:18:41] [SEVERE ] Key 75 was pressed by player 1
[2022-12-14 22:18:41] [SEVERE ] player 1 placing token on slot 5
[2022-12-14 22:18:44] [SEVERE ] Key 76 was pressed by player 1
[2022-12-14 22:18:44] [SEVERE ] player 1 placing token on slot 6
[2022-12-14 22:18:44] [SEVERE ] setting player 1 freeze to 3000
[2022-12-14 22:18:46] [SEVERE ] Key 76 was pressed by player 1
[2022-12-14 22:18:47] [SEVERE ] Key 75 was pressed by player 1
[2022-12-14 22:18:47] [SEVERE ] Key 74 was pressed by player 1
[2022-12-14 22:18:49] [SEVERE ] Key 65 was pressed by player 0
[2022-12-14 22:18:49] [SEVERE ] Key 83 was pressed by player 0
[2022-12-14 22:18:50] [SEVERE ] Key 87 was pressed by player 0
[2022-12-14 22:18:50] [SEVERE ] Key 68 was pressed by player 0
[2022-12-14 22:19:08] [SEVERE ] removing card from slot 0
[2022-12-14 22:19:08] [SEVERE ] removing card from slot 1
[2022-12-14 22:19:08] [SEVERE ] removing player 0 token from slot 1
[2022-12-14 22:19:08] [SEVERE ] removing card from slot 2
[2022-12-14 22:19:08] [SEVERE ] removing card from slot 3
[2022-12-14 22:19:08] [SEVERE ] removing card from slot 4
[2022-12-14 22:19:08] [SEVERE ] removing player 0 token from slot 4
[2022-12-14 22:19:08] [SEVERE ] removing player 1 token from slot 4
[2022-12-14 22:19:09] [SEVERE ] removing card from slot 5
[2022-12-14 22:19:09] [SEVERE ] removing player 0 token from slot 5
[2022-12-14 22:19:09] [SEVERE ] removing player 1 token from slot 5
[2022-12-14 22:19:09] [SEVERE ] removing card from slot 6
[2022-12-14 22:19:09] [SEVERE ] removing player 1 token from slot 6
[2022-12-14 22:19:09] [SEVERE ] removing card from slot 7
[2022-12-14 22:19:09] [SEVERE ] removing card from slot 8
[2022-12-14 22:19:09] [SEVERE ] removing card from slot 9
[2022-12-14 22:19:09] [SEVERE ] removing card from slot 10
[2022-12-14 22:19:09] [SEVERE ] removing card from slot 11
[2022-12-14 22:19:09] [SEVERE ] placing card 25 in slot 0
[2022-12-14 22:19:09] [SEVERE ] placing card 67 in slot 1
[2022-12-14 22:19:10] [SEVERE ] placing card 66 in slot 2
[2022-12-14 22:19:10] [SEVERE ] placing card 70 in slot 3
[2022-12-14 22:19:10] [SEVERE ] placing card 78 in slot 4
[2022-12-14 22:19:10] [SEVERE ] placing card 72 in slot 5
[2022-12-14 22:19:10] [SEVERE ] placing card 37 in slot 6
[2022-12-14 22:19:10] [SEVERE ] placing card 65 in slot 7
[2022-12-14 22:19:10] [SEVERE ] placing card 0 in slot 8
[2022-12-14 22:19:10] [SEVERE ] placing card 36 in slot 9
[2022-12-14 22:19:10] [SEVERE ] placing card 38 in slot 10
[2022-12-14 22:19:11] [SEVERE ] placing card 6 in slot 11
[2022-12-14 22:19:14] [SEVERE ] Key 65 was pressed by player 0
[2022-12-14 22:19:14] [SEVERE ] player 0 placing token on slot 4
[2022-12-14 22:19:16] [SEVERE ] Key 87 was pressed by player 0
[2022-12-14 22:19:16] [SEVERE ] player 0 placing token on slot 1
[2022-12-14 22:19:18] [SEVERE ] Key 87 was pressed by player 0
[2022-12-14 22:19:18] [SEVERE ] removing player 0 token from slot 1
[2022-12-14 22:19:19] [SEVERE ] Key 65 was pressed by player 0
[2022-12-14 22:19:19] [SEVERE ] removing player 0 token from slot 4
[2022-12-14 22:19:20] [SEVERE ] Key 87 was pressed by player 0
[2022-12-14 22:19:20] [SEVERE ] player 0 placing token on slot 1
[2022-12-14 22:19:20] [SEVERE ] Key 87 was pressed by player 0
[2022-12-14 22:19:20] [SEVERE ] removing player 0 token from slot 1
[2022-12-14 22:19:21] [SEVERE ] Key 65 was pressed by player 0
[2022-12-14 22:19:21] [SEVERE ] player 0 placing token on slot 4
[2022-12-14 22:19:21] [SEVERE ] Key 65 was pressed by player 0
[2022-12-14 22:19:21] [SEVERE ] removing player 0 token from slot 4
[2022-12-14 22:19:22] [SEVERE ] Key 87 was pressed by player 0
[2022-12-14 22:19:22] [SEVERE ] player 0 placing token on slot 1
[2022-12-14 22:19:23] [SEVERE ] Key 65 was pressed by player 0
[2022-12-14 22:19:23] [SEVERE ] player 0 placing token on slot 4
[2022-12-14 22:19:26] [SEVERE ] Key 65 was pressed by player 0
[2022-12-14 22:19:26] [SEVERE ] removing player 0 token from slot 4
[2022-12-14 22:19:26] [SEVERE ] Key 87 was pressed by player 0
[2022-12-14 22:19:26] [SEVERE ] removing player 0 token from slot 1
[2022-12-14 22:19:27] [SEVERE ] Key 65 was pressed by player 0
[2022-12-14 22:19:27] [SEVERE ] player 0 placing token on slot 4
[2022-12-14 22:19:27] [SEVERE ] Key 87 was pressed by player 0
[2022-12-14 22:19:27] [SEVERE ] player 0 placing token on slot 1
[2022-12-14 22:19:28] [SEVERE ] Key 83 was pressed by player 0
[2022-12-14 22:19:28] [SEVERE ] player 0 placing token on slot 5
[2022-12-14 22:19:28] [SEVERE ] setting player 0 freeze to 3000
[2022-12-14 22:19:30] [SEVERE ] Key 83 was pressed by player 0
[2022-12-14 22:19:31] [SEVERE ] Key 87 was pressed by player 0
[2022-12-14 22:19:31] [SEVERE ] Key 65 was pressed by player 0
[2022-12-14 22:19:31] [SEVERE ] Key 68 was pressed by player 0
[2022-12-14 22:19:32] [SEVERE ] Key 87 was pressed by player 0
[2022-12-14 22:19:32] [SEVERE ] Key 65 was pressed by player 0
[2022-12-14 22:20:11] [SEVERE ] removing card from slot 0
[2022-12-14 22:20:11] [SEVERE ] removing card from slot 1
[2022-12-14 22:20:11] [SEVERE ] removing player 0 token from slot 1
[2022-12-14 22:20:11] [SEVERE ] removing card from slot 2
[2022-12-14 22:20:11] [SEVERE ] removing card from slot 3
[2022-12-14 22:20:11] [SEVERE ] removing card from slot 4
[2022-12-14 22:20:11] [SEVERE ] removing player 0 token from slot 4
[2022-12-14 22:20:11] [SEVERE ] removing card from slot 5
[2022-12-14 22:20:11] [SEVERE ] removing player 0 token from slot 5
[2022-12-14 22:20:11] [SEVERE ] removing card from slot 6
[2022-12-14 22:20:11] [SEVERE ] removing card from slot 7
[2022-12-14 22:20:11] [SEVERE ] removing card from slot 8
[2022-12-14 22:20:12] [SEVERE ] removing card from slot 9
[2022-12-14 22:20:12] [SEVERE ] removing card from slot 10
[2022-12-14 22:20:12] [SEVERE ] removing card from slot 11
[2022-12-14 22:20:12] [SEVERE ] placing card 23 in slot 0
[2022-12-14 22:20:12] [SEVERE ] placing card 18 in slot 1
[2022-12-14 22:20:12] [SEVERE ] placing card 1 in slot 2
[2022-12-14 22:20:12] [SEVERE ] placing card 54 in slot 3
[2022-12-14 22:20:12] [SEVERE ] placing card 52 in slot 4
[2022-12-14 22:20:12] [SEVERE ] placing card 51 in slot 5
[2022-12-14 22:20:13] [SEVERE ] placing card 42 in slot 6
[2022-12-14 22:20:13] [SEVERE ] placing card 58 in slot 7
[2022-12-14 22:20:13] [SEVERE ] placing card 27 in slot 8
[2022-12-14 22:20:13] [SEVERE ] placing card 43 in slot 9
[2022-12-14 22:20:13] [SEVERE ] placing card 71 in slot 10
[2022-12-14 22:20:13] [SEVERE ] placing card 40 in slot 11
