[2022-12-14 22:21:21] [INFO   ] cannot read configuration file config.properties trying from resources.
[2022-12-14 22:21:21] [INFO   ] configuration file was loaded from resources directory.
[2022-12-14 22:21:22] [INFO   ] Thread dealer starting.
[2022-12-14 22:21:22] [INFO   ] Thread Thread-3starting.
[2022-12-14 22:21:22] [INFO   ] Thread Thread-4starting.
[2022-12-14 22:21:22] [SEVERE ] placing card 76 in slot 0
[2022-12-14 22:21:22] [SEVERE ] placing card 15 in slot 1
[2022-12-14 22:21:22] [SEVERE ] placing card 8 in slot 2
[2022-12-14 22:21:23] [SEVERE ] placing card 69 in slot 3
[2022-12-14 22:21:23] [SEVERE ] placing card 32 in slot 4
[2022-12-14 22:21:23] [SEVERE ] placing card 64 in slot 5
[2022-12-14 22:21:23] [SEVERE ] placing card 4 in slot 6
[2022-12-14 22:21:23] [SEVERE ] placing card 24 in slot 7
[2022-12-14 22:21:23] [SEVERE ] placing card 36 in slot 8
[2022-12-14 22:21:23] [SEVERE ] placing card 54 in slot 9
[2022-12-14 22:21:23] [SEVERE ] placing card 49 in slot 10
[2022-12-14 22:21:23] [SEVERE ] placing card 28 in slot 11
[2022-12-14 22:21:25] [SEVERE ] Key 65 was pressed by player 0
[2022-12-14 22:21:25] [SEVERE ] player 0 placing token on slot 4
[2022-12-14 22:21:25] [SEVERE ] Key 87 was pressed by player 0
[2022-12-14 22:21:25] [SEVERE ] player 0 placing token on slot 1
[2022-12-14 22:21:28] [SEVERE ] Key 83 was pressed by player 0
[2022-12-14 22:21:28] [SEVERE ] player 0 placing token on slot 5
[2022-12-14 22:22:12] [SEVERE ] setting player 0 freeze to 3000
