[2022-12-15 21:27:39] [INFO   ] cannot read configuration file config.properties trying from resources.
[2022-12-15 21:27:39] [INFO   ] configuration file was loaded from resources directory.
[2022-12-15 21:27:41] [INFO   ] Thread dealer starting.
[2022-12-15 21:27:41] [INFO   ] Thread Thread-3starting.
[2022-12-15 21:27:41] [INFO   ] Thread Thread-4starting.
[2022-12-15 21:28:41] [SEVERE ] placing card 19 in slot 0
[2022-12-15 21:28:46] [SEVERE ] placing card 8 in slot 1
[2022-12-15 21:28:49] [SEVERE ] placing card 11 in slot 2
[2022-12-15 21:28:52] [SEVERE ] placing card 3 in slot 3
[2022-12-15 21:28:55] [SEVERE ] placing card 12 in slot 4
[2022-12-15 21:28:57] [SEVERE ] placing card 79 in slot 5
[2022-12-15 21:29:00] [SEVERE ] placing card 61 in slot 6
[2022-12-15 21:29:03] [SEVERE ] placing card 43 in slot 7
[2022-12-15 21:29:05] [SEVERE ] placing card 15 in slot 8
[2022-12-15 21:29:08] [SEVERE ] placing card 39 in slot 9
[2022-12-15 21:29:11] [SEVERE ] placing card 59 in slot 10
[2022-12-15 21:29:14] [SEVERE ] placing card 55 in slot 11
[2022-12-15 21:30:41] [SEVERE ] removing card from slot 0
[2022-12-15 21:30:42] [SEVERE ] removing card from slot 1
[2022-12-15 21:30:42] [SEVERE ] removing card from slot 2
[2022-12-15 21:30:42] [SEVERE ] removing card from slot 3
[2022-12-15 21:30:42] [SEVERE ] removing card from slot 4
[2022-12-15 21:30:42] [SEVERE ] removing card from slot 5
[2022-12-15 21:30:42] [SEVERE ] removing card from slot 6
[2022-12-15 21:30:42] [SEVERE ] removing card from slot 7
[2022-12-15 21:30:42] [SEVERE ] removing card from slot 8
[2022-12-15 21:30:42] [SEVERE ] removing card from slot 9
[2022-12-15 21:30:42] [SEVERE ] removing card from slot 10
[2022-12-15 21:30:43] [SEVERE ] removing card from slot 11
