[2022-12-14 17:12:13] [INFO   ] cannot read configuration file config.properties trying from resources.
[2022-12-14 17:12:13] [INFO   ] configuration file was loaded from resources directory.
[2022-12-14 17:12:14] [INFO   ] Thread dealer starting.
[2022-12-14 17:12:14] [INFO   ] Thread Thread-3starting.
[2022-12-14 17:12:14] [INFO   ] Thread Thread-4starting.
[2022-12-14 17:12:16] [SEVERE ] placing card 27 in slot 0
[2022-12-14 17:12:16] [SEVERE ] placing card 60 in slot 1
[2022-12-14 17:12:16] [SEVERE ] placing card 25 in slot 2
[2022-12-14 17:12:16] [SEVERE ] placing card 14 in slot 3
[2022-12-14 17:12:16] [SEVERE ] placing card 27 in slot 4
[2022-12-14 17:12:17] [SEVERE ] placing card 57 in slot 5
[2022-12-14 17:12:17] [SEVERE ] placing card 69 in slot 6
[2022-12-14 17:12:17] [SEVERE ] placing card 6 in slot 7
[2022-12-14 17:12:17] [SEVERE ] placing card 28 in slot 8
[2022-12-14 17:12:17] [SEVERE ] placing card 55 in slot 9
[2022-12-14 17:12:17] [SEVERE ] placing card 14 in slot 10
[2022-12-14 17:12:17] [SEVERE ] placing card 51 in slot 11
[2022-12-14 17:12:22] [SEVERE ] Key 65 was pressed by player 0
[2022-12-14 17:13:14] [SEVERE ] player 0 placing token on slot 4
[2022-12-14 17:13:24] [SEVERE ] removing card from slot 0
[2022-12-14 17:13:24] [SEVERE ] removing card from slot 1
[2022-12-14 17:13:24] [SEVERE ] removing card from slot 2
[2022-12-14 17:13:24] [SEVERE ] removing card from slot 3
[2022-12-14 17:13:24] [SEVERE ] removing card from slot 4
[2022-12-14 17:13:24] [INFO   ] Thread main terminated.
