[2022-12-15 18:56:47] [INFO   ] cannot read configuration file config.properties trying from resources.
[2022-12-15 18:56:47] [INFO   ] configuration file was loaded from resources directory.
[2022-12-15 18:56:47] [INFO   ] Thread dealer starting.
[2022-12-15 18:56:47] [INFO   ] Thread Thread-3starting.
[2022-12-15 18:56:47] [INFO   ] Thread Thread-4starting.
[2022-12-15 18:56:47] [SEVERE ] placing card 36 in slot 0
[2022-12-15 18:56:48] [SEVERE ] placing card 74 in slot 1
[2022-12-15 18:56:48] [SEVERE ] placing card 12 in slot 2
[2022-12-15 18:56:48] [SEVERE ] placing card 62 in slot 3
[2022-12-15 18:56:48] [SEVERE ] placing card 1 in slot 4
[2022-12-15 18:56:48] [SEVERE ] placing card 76 in slot 5
[2022-12-15 18:56:48] [SEVERE ] placing card 45 in slot 6
[2022-12-15 18:56:48] [SEVERE ] placing card 11 in slot 7
[2022-12-15 18:56:48] [SEVERE ] placing card 18 in slot 8
[2022-12-15 18:56:48] [SEVERE ] placing card 24 in slot 9
[2022-12-15 18:56:49] [SEVERE ] placing card 35 in slot 10
[2022-12-15 18:56:49] [SEVERE ] placing card 40 in slot 11
[2022-12-15 18:56:51] [SEVERE ] Key 65 was pressed by player 0
[2022-12-15 18:56:51] [SEVERE ] player 0 placing token on slot 4
[2022-12-15 18:56:53] [SEVERE ] Key 83 was pressed by player 0
[2022-12-15 18:56:53] [SEVERE ] player 0 placing token on slot 5
[2022-12-15 18:56:56] [SEVERE ] Key 90 was pressed by player 0
[2022-12-15 18:56:56] [SEVERE ] player 0 placing token on slot 8
[2022-12-15 18:57:06] [SEVERE ] Exit button pressed
