[2022-12-13 22:05:40] [INFO   ] cannot read configuration file config.properties trying from resources.
[2022-12-13 22:05:40] [INFO   ] configuration file was loaded from resources directory.
[2022-12-13 22:05:41] [INFO   ] Thread dealer starting.
[2022-12-13 22:05:41] [SEVERE ] placing card 52 in slot 0
[2022-12-13 22:05:41] [SEVERE ] placing card 3 in slot 1
[2022-12-13 22:05:41] [SEVERE ] placing card 54 in slot 2
[2022-12-13 22:05:42] [SEVERE ] placing card 12 in slot 3
[2022-12-13 22:05:42] [SEVERE ] placing card 26 in slot 4
[2022-12-13 22:05:42] [SEVERE ] placing card 57 in slot 5
[2022-12-13 22:05:42] [SEVERE ] placing card 70 in slot 6
[2022-12-13 22:05:42] [SEVERE ] placing card 4 in slot 7
[2022-12-13 22:05:42] [SEVERE ] placing card 52 in slot 8
[2022-12-13 22:05:42] [SEVERE ] placing card 40 in slot 9
[2022-12-13 22:05:42] [SEVERE ] placing card 20 in slot 10
[2022-12-13 22:05:42] [SEVERE ] placing card 56 in slot 11
[2022-12-13 22:05:51] [SEVERE ] Key 65 was pressed by player 0
[2022-12-13 22:05:51] [SEVERE ] placing card 0 in slot 4
[2022-12-13 22:05:51] [SEVERE ] player 0 placing token on slot 4
[2022-12-13 22:05:55] [SEVERE ] Key 75 was pressed by player 1
[2022-12-13 22:05:55] [SEVERE ] placing card 1 in slot 5
[2022-12-13 22:05:55] [SEVERE ] player 1 placing token on slot 5
[2022-12-13 22:06:00] [SEVERE ] Key 74 was pressed by player 1
[2022-12-13 22:06:00] [SEVERE ] placing card 1 in slot 4
[2022-12-13 22:06:00] [SEVERE ] player 1 placing token on slot 4
[2022-12-13 22:06:04] [SEVERE ] Key 87 was pressed by player 0
[2022-12-13 22:06:04] [SEVERE ] placing card 0 in slot 1
[2022-12-13 22:06:04] [SEVERE ] player 0 placing token on slot 1
[2022-12-13 22:06:06] [SEVERE ] Key 85 was pressed by player 1
[2022-12-13 22:06:06] [SEVERE ] placing card 1 in slot 0
[2022-12-13 22:06:06] [SEVERE ] player 1 placing token on slot 0
[2022-12-13 22:06:06] [SEVERE ] removing player 1 token from slot 5
[2022-12-13 22:06:06] [SEVERE ] removing player 1 token from slot 4
[2022-12-13 22:06:06] [SEVERE ] removing player 1 token from slot 0
[2022-12-13 22:06:06] [SEVERE ] setting player 1 score to 1
[2022-12-13 22:06:06] [SEVERE ] setting player 1 freeze to 1000
[2022-12-13 22:06:07] [SEVERE ] setting player 1 score to 2
[2022-12-13 22:06:07] [SEVERE ] Key 74 was pressed by player 1
[2022-12-13 22:06:07] [SEVERE ] placing card 1 in slot 4
[2022-12-13 22:06:07] [SEVERE ] player 1 placing token on slot 4
[2022-12-13 22:06:12] [SEVERE ] Key 75 was pressed by player 1
[2022-12-13 22:06:12] [SEVERE ] placing card 1 in slot 5
[2022-12-13 22:06:12] [SEVERE ] player 1 placing token on slot 5
[2022-12-13 22:06:13] [SEVERE ] Key 68 was pressed by player 0
[2022-12-13 22:06:13] [SEVERE ] placing card 0 in slot 6
[2022-12-13 22:06:13] [SEVERE ] player 0 placing token on slot 6
[2022-12-13 22:06:13] [SEVERE ] removing player 0 token from slot 4
[2022-12-13 22:06:13] [SEVERE ] removing player 0 token from slot 1
[2022-12-13 22:06:13] [SEVERE ] removing player 0 token from slot 6
[2022-12-13 22:06:13] [SEVERE ] setting player 0 freeze to 5000
[2022-12-13 22:06:18] [SEVERE ] Key 67 was pressed by player 0
[2022-12-13 22:06:18] [SEVERE ] placing card 0 in slot 10
[2022-12-13 22:06:18] [SEVERE ] player 0 placing token on slot 10
[2022-12-13 22:06:18] [SEVERE ] Key 86 was pressed by player 0
[2022-12-13 22:06:18] [SEVERE ] placing card 0 in slot 11
[2022-12-13 22:06:18] [SEVERE ] player 0 placing token on slot 11
[2022-12-13 22:06:18] [SEVERE ] Key 69 was pressed by player 0
[2022-12-13 22:06:18] [SEVERE ] placing card 0 in slot 2
[2022-12-13 22:06:18] [SEVERE ] player 0 placing token on slot 2
[2022-12-13 22:06:18] [SEVERE ] removing player 0 token from slot 10
[2022-12-13 22:06:18] [SEVERE ] removing player 0 token from slot 11
[2022-12-13 22:06:18] [SEVERE ] removing player 0 token from slot 2
[2022-12-13 22:06:18] [SEVERE ] setting player 0 score to 1
[2022-12-13 22:06:18] [SEVERE ] setting player 0 freeze to 1000
[2022-12-13 22:06:19] [SEVERE ] setting player 0 score to 2
[2022-12-13 22:06:19] [SEVERE ] Key 87 was pressed by player 0
[2022-12-13 22:06:19] [SEVERE ] placing card 0 in slot 1
[2022-12-13 22:06:19] [SEVERE ] player 0 placing token on slot 1
[2022-12-13 22:06:19] [SEVERE ] Key 83 was pressed by player 0
[2022-12-13 22:06:19] [SEVERE ] placing card 0 in slot 5
[2022-12-13 22:06:19] [SEVERE ] player 0 placing token on slot 5
[2022-12-13 22:06:19] [SEVERE ] Key 83 was pressed by player 0
