[2022-12-14 17:25:21] [INFO   ] cannot read configuration file config.properties trying from resources.
[2022-12-14 17:25:21] [INFO   ] configuration file was loaded from resources directory.
[2022-12-14 17:25:21] [INFO   ] Thread dealer starting.
[2022-12-14 17:25:21] [INFO   ] Thread Thread-4starting.
[2022-12-14 17:25:21] [INFO   ] Thread Thread-3starting.
[2022-12-14 17:25:22] [SEVERE ] placing card 58 in slot 0
[2022-12-14 17:25:22] [SEVERE ] placing card 14 in slot 1
[2022-12-14 17:25:22] [SEVERE ] placing card 56 in slot 2
[2022-12-14 17:25:22] [SEVERE ] placing card 23 in slot 3
[2022-12-14 17:25:22] [SEVERE ] placing card 79 in slot 4
[2022-12-14 17:25:22] [SEVERE ] placing card 61 in slot 5
[2022-12-14 17:25:22] [SEVERE ] placing card 49 in slot 6
[2022-12-14 17:25:22] [SEVERE ] placing card 42 in slot 7
[2022-12-14 17:25:23] [SEVERE ] placing card 2 in slot 8
[2022-12-14 17:25:23] [SEVERE ] placing card 3 in slot 9
[2022-12-14 17:25:23] [SEVERE ] placing card 10 in slot 10
[2022-12-14 17:25:23] [SEVERE ] placing card 55 in slot 11
[2022-12-14 17:25:24] [SEVERE ] Key 65 was pressed by player 0
[2022-12-14 17:25:24] [SEVERE ] player 0 placing token on slot 4
[2022-12-14 17:25:24] [SEVERE ] Key 65 was pressed by player 0
[2022-12-14 17:26:23] [SEVERE ] removing card from slot 0
[2022-12-14 17:26:23] [SEVERE ] removing card from slot 1
[2022-12-14 17:26:23] [SEVERE ] removing card from slot 2
[2022-12-14 17:26:23] [SEVERE ] removing card from slot 3
[2022-12-14 17:26:23] [SEVERE ] removing card from slot 4
[2022-12-14 17:26:23] [INFO   ] Thread main terminated.
