[2022-12-14 15:43:57] [INFO   ] cannot read configuration file config.properties trying from resources.
[2022-12-14 15:43:57] [INFO   ] configuration file was loaded from resources directory.
[2022-12-14 15:43:59] [INFO   ] Thread dealer starting.
[2022-12-14 15:44:00] [SEVERE ] placing card 8 in slot 0
[2022-12-14 15:44:00] [SEVERE ] placing card 32 in slot 1
[2022-12-14 15:44:00] [SEVERE ] placing card 14 in slot 2
[2022-12-14 15:44:00] [SEVERE ] placing card 12 in slot 3
[2022-12-14 15:44:00] [SEVERE ] placing card 29 in slot 4
[2022-12-14 15:44:00] [SEVERE ] placing card 10 in slot 5
[2022-12-14 15:44:00] [SEVERE ] placing card 11 in slot 6
[2022-12-14 15:44:00] [SEVERE ] placing card 6 in slot 7
[2022-12-14 15:44:00] [SEVERE ] placing card 32 in slot 8
[2022-12-14 15:44:01] [SEVERE ] placing card 10 in slot 9
[2022-12-14 15:44:01] [SEVERE ] placing card 8 in slot 10
[2022-12-14 15:44:01] [SEVERE ] placing card 6 in slot 11
[2022-12-14 15:44:02] [SEVERE ] Key 65 was pressed by player 0
[2022-12-14 15:44:02] [SEVERE ] player 0 placing token on slot 4
[2022-12-14 15:44:03] [SEVERE ] Key 74 was pressed by player 1
[2022-12-14 15:44:03] [SEVERE ] player 1 placing token on slot 4
[2022-12-14 15:44:06] [SEVERE ] Key 83 was pressed by player 0
[2022-12-14 15:44:06] [SEVERE ] player 0 placing token on slot 5
[2022-12-14 15:44:07] [SEVERE ] Key 83 was pressed by player 0
