[2022-12-15 18:51:31] [INFO   ] cannot read configuration file config.properties trying from resources.
[2022-12-15 18:51:31] [INFO   ] configuration file was loaded from resources directory.
[2022-12-15 18:51:32] [INFO   ] Thread dealer starting.
[2022-12-15 18:51:32] [INFO   ] Thread Thread-3starting.
[2022-12-15 18:51:32] [INFO   ] Thread Thread-4starting.
[2022-12-15 18:51:32] [SEVERE ] placing card 48 in slot 0
[2022-12-15 18:51:32] [SEVERE ] placing card 12 in slot 1
[2022-12-15 18:51:32] [SEVERE ] placing card 59 in slot 2
[2022-12-15 18:51:32] [SEVERE ] placing card 11 in slot 3
[2022-12-15 18:51:32] [SEVERE ] placing card 4 in slot 4
[2022-12-15 18:51:32] [SEVERE ] placing card 41 in slot 5
[2022-12-15 18:51:33] [SEVERE ] placing card 36 in slot 6
[2022-12-15 18:51:33] [SEVERE ] placing card 29 in slot 7
[2022-12-15 18:51:33] [SEVERE ] placing card 69 in slot 8
[2022-12-15 18:51:33] [SEVERE ] placing card 77 in slot 9
[2022-12-15 18:51:33] [SEVERE ] placing card 73 in slot 10
[2022-12-15 18:51:33] [SEVERE ] placing card 5 in slot 11
[2022-12-15 18:51:35] [SEVERE ] Key 65 was pressed by player 0
[2022-12-15 18:51:35] [SEVERE ] player 0 placing token on slot 4
[2022-12-15 18:51:36] [SEVERE ] Key 65 was pressed by player 0
[2022-12-15 18:51:36] [SEVERE ] removing player 0 token from slot 4
[2022-12-15 18:51:38] [SEVERE ] Key 87 was pressed by player 0
[2022-12-15 18:51:38] [SEVERE ] player 0 placing token on slot 1
[2022-12-15 18:51:39] [SEVERE ] Key 83 was pressed by player 0
[2022-12-15 18:51:39] [SEVERE ] player 0 placing token on slot 5
[2022-12-15 18:51:42] [SEVERE ] Key 65 was pressed by player 0
[2022-12-15 18:51:42] [SEVERE ] player 0 placing token on slot 4
[2022-12-15 18:51:42] [SEVERE ] setting player 0 score to 1
[2022-12-15 18:51:42] [SEVERE ] setting player 0 freeze to 1000
[2022-12-15 18:51:43] [SEVERE ] setting player 0 score to 2
[2022-12-15 18:51:48] [SEVERE ] Key 65 was pressed by player 0
[2022-12-15 18:51:48] [SEVERE ] removing player 0 token from slot 4
[2022-12-15 18:51:48] [SEVERE ] Key 87 was pressed by player 0
[2022-12-15 18:51:48] [SEVERE ] player 0 placing token on slot 1
[2022-12-15 18:51:48] [SEVERE ] setting player 0 score to 3
[2022-12-15 18:51:48] [SEVERE ] setting player 0 freeze to 1000
[2022-12-15 18:51:49] [SEVERE ] Key 83 was pressed by player 0
[2022-12-15 18:51:49] [SEVERE ] setting player 0 score to 4
[2022-12-15 18:51:49] [SEVERE ] player 0 placing token on slot 5
[2022-12-15 18:51:50] [SEVERE ] Key 87 was pressed by player 0
[2022-12-15 18:51:50] [SEVERE ] player 0 placing token on slot 1
[2022-12-15 18:51:51] [SEVERE ] Key 83 was pressed by player 0
[2022-12-15 18:51:51] [SEVERE ] player 0 placing token on slot 5
[2022-12-15 18:51:51] [SEVERE ] Key 87 was pressed by player 0
[2022-12-15 18:51:51] [SEVERE ] player 0 placing token on slot 1
[2022-12-15 18:51:51] [SEVERE ] Key 83 was pressed by player 0
[2022-12-15 18:51:51] [SEVERE ] player 0 placing token on slot 5
[2022-12-15 18:51:52] [SEVERE ] Key 87 was pressed by player 0
[2022-12-15 18:51:52] [SEVERE ] player 0 placing token on slot 1
[2022-12-15 18:51:52] [SEVERE ] Key 83 was pressed by player 0
[2022-12-15 18:51:52] [SEVERE ] player 0 placing token on slot 5
[2022-12-15 18:51:52] [SEVERE ] Key 87 was pressed by player 0
[2022-12-15 18:51:52] [SEVERE ] player 0 placing token on slot 1
[2022-12-15 18:51:53] [SEVERE ] Key 83 was pressed by player 0
[2022-12-15 18:51:53] [SEVERE ] player 0 placing token on slot 5
[2022-12-15 18:51:54] [SEVERE ] Key 65 was pressed by player 0
[2022-12-15 18:51:54] [SEVERE ] player 0 placing token on slot 4
[2022-12-15 18:51:54] [SEVERE ] Key 65 was pressed by player 0
[2022-12-15 18:51:54] [SEVERE ] removing player 0 token from slot 4
[2022-12-15 18:51:54] [SEVERE ] Key 87 was pressed by player 0
[2022-12-15 18:51:54] [SEVERE ] player 0 placing token on slot 1
[2022-12-15 18:51:55] [SEVERE ] Key 87 was pressed by player 0
[2022-12-15 18:51:55] [SEVERE ] player 0 placing token on slot 1
[2022-12-15 18:51:55] [SEVERE ] Key 83 was pressed by player 0
[2022-12-15 18:51:55] [SEVERE ] player 0 placing token on slot 5
[2022-12-15 18:51:56] [SEVERE ] Key 83 was pressed by player 0
[2022-12-15 18:51:56] [SEVERE ] player 0 placing token on slot 5
[2022-12-15 18:51:58] [SEVERE ] Key 65 was pressed by player 0
[2022-12-15 18:51:58] [SEVERE ] player 0 placing token on slot 4
[2022-12-15 18:51:59] [SEVERE ] Key 65 was pressed by player 0
[2022-12-15 18:51:59] [SEVERE ] removing player 0 token from slot 4
[2022-12-15 18:51:59] [SEVERE ] Key 87 was pressed by player 0
[2022-12-15 18:51:59] [SEVERE ] player 0 placing token on slot 1
[2022-12-15 18:51:59] [SEVERE ] Key 65 was pressed by player 0
[2022-12-15 18:51:59] [SEVERE ] player 0 placing token on slot 4
[2022-12-15 18:52:00] [SEVERE ] Key 65 was pressed by player 0
[2022-12-15 18:52:00] [SEVERE ] removing player 0 token from slot 4
[2022-12-15 18:52:00] [SEVERE ] Key 65 was pressed by player 0
[2022-12-15 18:52:00] [SEVERE ] player 0 placing token on slot 4
[2022-12-15 18:52:00] [SEVERE ] Key 65 was pressed by player 0
[2022-12-15 18:52:00] [SEVERE ] removing player 0 token from slot 4
