[2022-12-14 15:49:06] [INFO   ] cannot read configuration file config.properties trying from resources.
[2022-12-14 15:49:06] [INFO   ] configuration file was loaded from resources directory.
[2022-12-14 15:49:08] [INFO   ] Thread dealer starting.
[2022-12-14 15:49:08] [SEVERE ] placing card 48 in slot 0
[2022-12-14 15:49:08] [SEVERE ] placing card 5 in slot 1
[2022-12-14 15:49:08] [SEVERE ] placing card 65 in slot 2
[2022-12-14 15:49:08] [SEVERE ] placing card 17 in slot 3
[2022-12-14 15:49:08] [SEVERE ] placing card 16 in slot 4
[2022-12-14 15:49:08] [SEVERE ] placing card 5 in slot 5
[2022-12-14 15:49:08] [SEVERE ] placing card 18 in slot 6
[2022-12-14 15:49:09] [SEVERE ] placing card 10 in slot 7
[2022-12-14 15:49:09] [SEVERE ] placing card 53 in slot 8
[2022-12-14 15:49:09] [SEVERE ] placing card 64 in slot 9
[2022-12-14 15:49:09] [SEVERE ] placing card 4 in slot 10
[2022-12-14 15:49:09] [SEVERE ] placing card 60 in slot 11
[2022-12-14 15:49:09] [SEVERE ] Key 82 was pressed by player 0
[2022-12-14 15:49:09] [SEVERE ] player 0 placing token on slot 3
[2022-12-14 15:49:10] [SEVERE ] Key 68 was pressed by player 0
[2022-12-14 15:49:10] [SEVERE ] player 0 placing token on slot 6
[2022-12-14 15:49:11] [SEVERE ] Key 88 was pressed by player 0
[2022-12-14 15:49:11] [SEVERE ] player 0 placing token on slot 9
[2022-12-14 15:49:11] [SEVERE ] removing player 0 token from slot 3
[2022-12-14 15:49:11] [SEVERE ] removing player 0 token from slot 6
[2022-12-14 15:49:11] [SEVERE ] removing player 0 token from slot 9
[2022-12-14 15:49:11] [SEVERE ] setting player 0 freeze to 5000
