[2022-12-15 18:49:12] [INFO   ] cannot read configuration file config.properties trying from resources.
[2022-12-15 18:49:12] [INFO   ] configuration file was loaded from resources directory.
[2022-12-15 18:49:12] [INFO   ] Thread dealer starting.
[2022-12-15 18:49:12] [INFO   ] Thread Thread-3starting.
[2022-12-15 18:49:12] [INFO   ] Thread Thread-4starting.
[2022-12-15 18:49:12] [SEVERE ] placing card 70 in slot 0
[2022-12-15 18:49:12] [SEVERE ] placing card 37 in slot 1
[2022-12-15 18:49:13] [SEVERE ] placing card 58 in slot 2
[2022-12-15 18:49:13] [SEVERE ] placing card 56 in slot 3
[2022-12-15 18:49:13] [SEVERE ] placing card 1 in slot 4
[2022-12-15 18:49:13] [SEVERE ] placing card 10 in slot 5
[2022-12-15 18:49:13] [SEVERE ] placing card 21 in slot 6
[2022-12-15 18:49:13] [SEVERE ] placing card 46 in slot 7
[2022-12-15 18:49:13] [SEVERE ] placing card 42 in slot 8
[2022-12-15 18:49:13] [SEVERE ] placing card 47 in slot 9
[2022-12-15 18:49:13] [SEVERE ] placing card 51 in slot 10
[2022-12-15 18:49:14] [SEVERE ] placing card 34 in slot 11
[2022-12-15 18:49:15] [SEVERE ] Key 65 was pressed by player 0
[2022-12-15 18:49:15] [SEVERE ] player 0 placing token on slot 1
[2022-12-15 18:49:20] [SEVERE ] Key 83 was pressed by player 0
[2022-12-15 18:49:20] [SEVERE ] player 0 placing token on slot 10
[2022-12-15 18:49:27] [SEVERE ] Key 90 was pressed by player 0
[2022-12-15 18:49:27] [SEVERE ] player 0 placing token on slot 42
[2022-12-15 18:49:28] [SEVERE ] Key 81 was pressed by player 0
[2022-12-15 18:49:28] [SEVERE ] Key 87 was pressed by player 0
[2022-12-15 18:49:29] [SEVERE ] Key 83 was pressed by player 0
[2022-12-15 18:49:29] [SEVERE ] Key 65 was pressed by player 0
[2022-12-15 18:49:30] [SEVERE ] Key 90 was pressed by player 0
[2022-12-15 18:49:30] [SEVERE ] Key 88 was pressed by player 0
[2022-12-15 18:49:30] [SEVERE ] Key 88 was pressed by player 0
[2022-12-15 18:49:31] [SEVERE ] Key 83 was pressed by player 0
[2022-12-15 18:49:31] [SEVERE ] Key 65 was pressed by player 0
[2022-12-15 18:49:32] [SEVERE ] Key 74 was pressed by player 1
[2022-12-15 18:49:32] [SEVERE ] player 1 placing token on slot 1
[2022-12-15 18:49:33] [SEVERE ] Key 74 was pressed by player 1
[2022-12-15 18:49:33] [SEVERE ] removing player 1 token from slot 1
[2022-12-15 18:49:34] [SEVERE ] Key 74 was pressed by player 1
[2022-12-15 18:49:34] [SEVERE ] player 1 placing token on slot 1
[2022-12-15 18:49:35] [SEVERE ] Key 74 was pressed by player 1
[2022-12-15 18:49:35] [SEVERE ] removing player 1 token from slot 1
[2022-12-15 18:49:36] [SEVERE ] Key 83 was pressed by player 0
[2022-12-15 18:49:36] [SEVERE ] Key 68 was pressed by player 0
[2022-12-15 18:49:37] [SEVERE ] Key 65 was pressed by player 0
[2022-12-15 18:49:37] [SEVERE ] Key 65 was pressed by player 0
[2022-12-15 18:49:37] [SEVERE ] Key 81 was pressed by player 0
