[2022-12-14 15:53:49] [INFO   ] cannot read configuration file config.properties trying from resources.
[2022-12-14 15:53:49] [INFO   ] configuration file was loaded from resources directory.
[2022-12-14 15:53:50] [INFO   ] Thread dealer starting.
[2022-12-14 15:53:50] [SEVERE ] placing card 30 in slot 0
[2022-12-14 15:53:50] [SEVERE ] placing card 30 in slot 1
[2022-12-14 15:53:50] [SEVERE ] placing card 70 in slot 2
[2022-12-14 15:53:50] [SEVERE ] placing card 19 in slot 3
[2022-12-14 15:53:50] [SEVERE ] placing card 29 in slot 4
[2022-12-14 15:53:51] [SEVERE ] placing card 74 in slot 5
[2022-12-14 15:53:51] [SEVERE ] placing card 72 in slot 6
[2022-12-14 15:53:51] [SEVERE ] placing card 50 in slot 7
[2022-12-14 15:53:51] [SEVERE ] placing card 48 in slot 8
[2022-12-14 15:53:51] [SEVERE ] placing card 39 in slot 9
[2022-12-14 15:53:51] [SEVERE ] placing card 5 in slot 10
[2022-12-14 15:53:51] [SEVERE ] placing card 24 in slot 11
[2022-12-14 15:53:53] [SEVERE ] Key 65 was pressed by player 0
[2022-12-14 15:53:53] [SEVERE ] player 0 placing token on slot 4
[2022-12-14 15:53:55] [SEVERE ] Key 83 was pressed by player 0
[2022-12-14 15:53:55] [SEVERE ] player 0 placing token on slot 5
[2022-12-14 15:53:56] [SEVERE ] Key 68 was pressed by player 0
[2022-12-14 15:53:56] [SEVERE ] player 0 placing token on slot 6
[2022-12-14 15:53:56] [SEVERE ] removing player 0 token from slot 4
[2022-12-14 15:53:56] [SEVERE ] removing player 0 token from slot 5
[2022-12-14 15:53:56] [SEVERE ] removing player 0 token from slot 6
[2022-12-14 15:54:04] [SEVERE ] setting player 0 freeze to 5000
