[2022-12-14 15:52:38] [INFO   ] cannot read configuration file config.properties trying from resources.
[2022-12-14 15:52:38] [INFO   ] configuration file was loaded from resources directory.
[2022-12-14 15:52:39] [INFO   ] Thread dealer starting.
[2022-12-14 15:52:39] [SEVERE ] placing card 65 in slot 0
[2022-12-14 15:52:39] [SEVERE ] placing card 25 in slot 1
[2022-12-14 15:52:39] [SEVERE ] placing card 55 in slot 2
[2022-12-14 15:52:39] [SEVERE ] placing card 52 in slot 3
[2022-12-14 15:52:39] [SEVERE ] placing card 52 in slot 4
[2022-12-14 15:52:39] [SEVERE ] placing card 6 in slot 5
[2022-12-14 15:52:40] [SEVERE ] placing card 10 in slot 6
[2022-12-14 15:52:40] [SEVERE ] placing card 2 in slot 7
[2022-12-14 15:52:40] [SEVERE ] placing card 23 in slot 8
[2022-12-14 15:52:40] [SEVERE ] placing card 57 in slot 9
[2022-12-14 15:52:40] [SEVERE ] placing card 69 in slot 10
[2022-12-14 15:52:40] [SEVERE ] placing card 23 in slot 11
[2022-12-14 15:52:42] [SEVERE ] Key 65 was pressed by player 0
[2022-12-14 15:52:42] [SEVERE ] player 0 placing token on slot 4
[2022-12-14 15:52:42] [SEVERE ] Key 83 was pressed by player 0
[2022-12-14 15:52:42] [SEVERE ] player 0 placing token on slot 5
[2022-12-14 15:52:42] [SEVERE ] Key 68 was pressed by player 0
[2022-12-14 15:52:42] [SEVERE ] player 0 placing token on slot 6
[2022-12-14 15:52:42] [SEVERE ] removing player 0 token from slot 4
[2022-12-14 15:52:42] [SEVERE ] removing player 0 token from slot 5
[2022-12-14 15:52:42] [SEVERE ] removing player 0 token from slot 6
[2022-12-14 15:53:28] [SEVERE ] setting player 0 freeze to 5000
