[2022-12-15 18:52:13] [INFO   ] cannot read configuration file config.properties trying from resources.
[2022-12-15 18:52:13] [INFO   ] configuration file was loaded from resources directory.
[2022-12-15 18:52:13] [INFO   ] Thread dealer starting.
[2022-12-15 18:52:13] [INFO   ] Thread Thread-3starting.
[2022-12-15 18:52:13] [INFO   ] Thread Thread-4starting.
[2022-12-15 18:52:14] [SEVERE ] placing card 77 in slot 0
[2022-12-15 18:52:14] [SEVERE ] placing card 23 in slot 1
[2022-12-15 18:52:14] [SEVERE ] placing card 70 in slot 2
[2022-12-15 18:52:14] [SEVERE ] placing card 59 in slot 3
[2022-12-15 18:52:14] [SEVERE ] placing card 43 in slot 4
[2022-12-15 18:52:14] [SEVERE ] placing card 7 in slot 5
[2022-12-15 18:52:14] [SEVERE ] placing card 31 in slot 6
[2022-12-15 18:52:14] [SEVERE ] placing card 55 in slot 7
[2022-12-15 18:52:14] [SEVERE ] placing card 18 in slot 8
[2022-12-15 18:52:15] [SEVERE ] placing card 37 in slot 9
[2022-12-15 18:52:15] [SEVERE ] placing card 66 in slot 10
[2022-12-15 18:52:15] [SEVERE ] placing card 3 in slot 11
[2022-12-15 18:52:15] [SEVERE ] Key 65 was pressed by player 0
[2022-12-15 18:52:15] [SEVERE ] player 0 placing token on slot 4
[2022-12-15 18:52:16] [SEVERE ] Key 87 was pressed by player 0
[2022-12-15 18:52:16] [SEVERE ] player 0 placing token on slot 1
[2022-12-15 18:52:20] [SEVERE ] Key 83 was pressed by player 0
[2022-12-15 18:52:20] [SEVERE ] player 0 placing token on slot 5
[2022-12-15 18:52:20] [SEVERE ] setting player 0 score to 1
[2022-12-15 18:52:20] [SEVERE ] setting player 0 freeze to 1000
[2022-12-15 18:52:21] [SEVERE ] setting player 0 score to 2
[2022-12-15 18:52:26] [SEVERE ] Key 65 was pressed by player 0
[2022-12-15 18:52:26] [SEVERE ] player 0 placing token on slot 4
[2022-12-15 18:52:27] [SEVERE ] Key 87 was pressed by player 0
[2022-12-15 18:52:27] [SEVERE ] player 0 placing token on slot 1
[2022-12-15 18:52:27] [SEVERE ] Key 81 was pressed by player 0
[2022-12-15 18:52:27] [SEVERE ] player 0 placing token on slot 0
[2022-12-15 18:52:29] [SEVERE ] Key 90 was pressed by player 0
[2022-12-15 18:52:29] [SEVERE ] player 0 placing token on slot 8
[2022-12-15 18:52:29] [SEVERE ] Key 88 was pressed by player 0
[2022-12-15 18:52:29] [SEVERE ] player 0 placing token on slot 9
[2022-12-15 18:52:31] [SEVERE ] Key 67 was pressed by player 0
[2022-12-15 18:52:31] [SEVERE ] player 0 placing token on slot 10
[2022-12-15 18:52:32] [SEVERE ] Key 70 was pressed by player 0
[2022-12-15 18:52:32] [SEVERE ] removing player 0 token from slot 7
