[2022-12-14 17:39:08] [INFO   ] cannot read configuration file config.properties trying from resources.
[2022-12-14 17:39:08] [INFO   ] configuration file was loaded from resources directory.
[2022-12-14 17:39:09] [INFO   ] Thread dealer starting.
[2022-12-14 17:39:09] [INFO   ] Thread Thread-3starting.
[2022-12-14 17:39:09] [INFO   ] Thread Thread-4starting.
[2022-12-14 17:39:09] [SEVERE ] placing card 9 in slot 0
[2022-12-14 17:39:09] [SEVERE ] placing card 15 in slot 1
[2022-12-14 17:39:09] [SEVERE ] placing card 30 in slot 2
[2022-12-14 17:39:09] [SEVERE ] placing card 67 in slot 3
[2022-12-14 17:39:09] [SEVERE ] placing card 32 in slot 4
[2022-12-14 17:39:09] [SEVERE ] placing card 22 in slot 5
[2022-12-14 17:39:09] [SEVERE ] placing card 3 in slot 6
[2022-12-14 17:39:09] [SEVERE ] placing card 64 in slot 7
[2022-12-14 17:39:10] [SEVERE ] placing card 42 in slot 8
[2022-12-14 17:39:10] [SEVERE ] placing card 56 in slot 9
[2022-12-14 17:39:10] [SEVERE ] placing card 77 in slot 10
[2022-12-14 17:39:10] [SEVERE ] placing card 16 in slot 11
[2022-12-14 17:39:12] [SEVERE ] Key 65 was pressed by player 0
[2022-12-14 17:39:24] [SEVERE ] player 0 placing token on slot 4
[2022-12-14 17:39:33] [SEVERE ] Key 83 was pressed by player 0
[2022-12-14 17:39:40] [SEVERE ] player 0 placing token on slot 5
[2022-12-14 17:39:55] [SEVERE ] Key 90 was pressed by player 0
[2022-12-14 17:40:17] [SEVERE ] removing card from slot 0
[2022-12-14 17:40:50] [SEVERE ] removing card from slot 1
[2022-12-14 17:40:50] [SEVERE ] player 0 placing token on slot 8
[2022-12-14 17:41:13] [SEVERE ] removing card from slot 2
[2022-12-14 17:41:48] [SEVERE ] removing card from slot 3
[2022-12-14 17:42:20] [SEVERE ] removing player 0 token from slot 4
[2022-12-14 17:42:20] [SEVERE ] removing player 0 token from slot 5
[2022-12-14 17:42:20] [SEVERE ] removing player 0 token from slot 8
[2022-12-14 17:42:20] [SEVERE ] setting player 0 freeze to 3000
[2022-12-14 17:42:20] [SEVERE ] removing card from slot 4
[2022-12-14 17:42:20] [SEVERE ] removing player 0 token from slot 4
