[2022-12-15 22:32:04] [INFO   ] cannot read configuration file config.properties trying from resources.
[2022-12-15 22:32:04] [INFO   ] configuration file was loaded from resources directory.
[2022-12-15 22:32:05] [INFO   ] Thread dealer starting.
[2022-12-15 22:32:05] [INFO   ] Thread Thread-4starting.
[2022-12-15 22:32:05] [INFO   ] Thread Thread-3starting.
[2022-12-15 22:32:05] [SEVERE ] placing card 51 in slot 0
[2022-12-15 22:32:05] [SEVERE ] placing card 28 in slot 1
[2022-12-15 22:32:05] [SEVERE ] placing card 5 in slot 2
[2022-12-15 22:32:05] [SEVERE ] placing card 32 in slot 3
[2022-12-15 22:32:05] [SEVERE ] placing card 14 in slot 4
[2022-12-15 22:32:05] [SEVERE ] placing card 70 in slot 5
[2022-12-15 22:32:06] [SEVERE ] placing card 45 in slot 6
[2022-12-15 22:32:06] [SEVERE ] placing card 33 in slot 7
[2022-12-15 22:32:06] [SEVERE ] placing card 72 in slot 8
[2022-12-15 22:32:06] [SEVERE ] placing card 66 in slot 9
[2022-12-15 22:32:06] [SEVERE ] placing card 7 in slot 10
[2022-12-15 22:32:06] [SEVERE ] placing card 75 in slot 11
[2022-12-15 22:32:09] [SEVERE ] Key 65 was pressed by player 0
[2022-12-15 22:32:24] [SEVERE ] player 0 placing token on slot 4
[2022-12-15 22:33:06] [SEVERE ] removing card from slot 0
[2022-12-15 22:33:06] [SEVERE ] removing card from slot 1
[2022-12-15 22:33:06] [SEVERE ] removing card from slot 2
[2022-12-15 22:33:07] [SEVERE ] removing card from slot 3
[2022-12-15 22:33:07] [SEVERE ] removing card from slot 4
[2022-12-15 22:33:07] [SEVERE ] removing card from slot 5
[2022-12-15 22:33:07] [SEVERE ] removing card from slot 6
[2022-12-15 22:33:07] [SEVERE ] removing card from slot 7
[2022-12-15 22:33:07] [SEVERE ] removing card from slot 8
[2022-12-15 22:33:07] [SEVERE ] removing card from slot 9
[2022-12-15 22:33:07] [SEVERE ] removing card from slot 10
[2022-12-15 22:33:07] [SEVERE ] removing card from slot 11
[2022-12-15 22:33:08] [SEVERE ] placing card 5 in slot 0
[2022-12-15 22:33:08] [SEVERE ] placing card 27 in slot 1
[2022-12-15 22:33:08] [SEVERE ] placing card 56 in slot 2
[2022-12-15 22:33:08] [SEVERE ] placing card 26 in slot 3
[2022-12-15 22:33:08] [SEVERE ] placing card 73 in slot 4
[2022-12-15 22:33:08] [SEVERE ] placing card 58 in slot 5
[2022-12-15 22:33:08] [SEVERE ] placing card 42 in slot 6
[2022-12-15 22:33:08] [SEVERE ] placing card 2 in slot 7
[2022-12-15 22:33:08] [SEVERE ] placing card 36 in slot 8
[2022-12-15 22:33:09] [SEVERE ] placing card 53 in slot 9
[2022-12-15 22:33:09] [SEVERE ] placing card 78 in slot 10
[2022-12-15 22:33:09] [SEVERE ] placing card 18 in slot 11
