[2022-12-14 22:07:50] [INFO   ] cannot read configuration file config.properties trying from resources.
[2022-12-14 22:07:50] [INFO   ] configuration file was loaded from resources directory.
[2022-12-14 22:07:51] [INFO   ] Thread dealer starting.
[2022-12-14 22:07:51] [INFO   ] Thread Thread-3starting.
[2022-12-14 22:07:51] [INFO   ] Thread Thread-4starting.
[2022-12-14 22:07:51] [SEVERE ] placing card 67 in slot 0
[2022-12-14 22:07:51] [SEVERE ] placing card 4 in slot 1
[2022-12-14 22:07:51] [SEVERE ] placing card 24 in slot 2
[2022-12-14 22:07:51] [SEVERE ] placing card 23 in slot 3
[2022-12-14 22:07:51] [SEVERE ] placing card 16 in slot 4
[2022-12-14 22:07:51] [SEVERE ] placing card 43 in slot 5
[2022-12-14 22:07:52] [SEVERE ] placing card 13 in slot 6
[2022-12-14 22:07:52] [SEVERE ] placing card 80 in slot 7
[2022-12-14 22:07:52] [SEVERE ] placing card 9 in slot 8
[2022-12-14 22:07:52] [SEVERE ] placing card 47 in slot 9
[2022-12-14 22:07:52] [SEVERE ] placing card 44 in slot 10
[2022-12-14 22:07:52] [SEVERE ] placing card 1 in slot 11
[2022-12-14 22:07:54] [SEVERE ] Key 65 was pressed by player 0
[2022-12-14 22:07:54] [SEVERE ] player 0 placing token on slot 4
[2022-12-14 22:07:55] [SEVERE ] Key 87 was pressed by player 0
[2022-12-14 22:07:55] [SEVERE ] player 0 placing token on slot 1
[2022-12-14 22:07:58] [SEVERE ] Key 83 was pressed by player 0
[2022-12-14 22:07:58] [SEVERE ] player 0 placing token on slot 5
[2022-12-14 22:07:58] [SEVERE ] setting player 0 freeze to 3000
[2022-12-14 22:07:58] [SEVERE ] setting player 0 freeze to -1
[2022-12-14 22:08:03] [SEVERE ] Key 83 was pressed by player 0
[2022-12-14 22:08:04] [SEVERE ] Key 87 was pressed by player 0
[2022-12-14 22:08:04] [SEVERE ] Key 65 was pressed by player 0
