[2022-12-14 22:05:53] [INFO   ] cannot read configuration file config.properties trying from resources.
[2022-12-14 22:05:53] [INFO   ] configuration file was loaded from resources directory.
[2022-12-14 22:05:53] [INFO   ] Thread dealer starting.
[2022-12-14 22:05:53] [INFO   ] Thread Thread-3starting.
[2022-12-14 22:05:53] [INFO   ] Thread Thread-4starting.
[2022-12-14 22:05:53] [SEVERE ] placing card 0 in slot 0
[2022-12-14 22:05:53] [SEVERE ] placing card 38 in slot 1
[2022-12-14 22:05:53] [SEVERE ] placing card 43 in slot 2
[2022-12-14 22:05:53] [SEVERE ] placing card 80 in slot 3
[2022-12-14 22:05:54] [SEVERE ] placing card 14 in slot 4
[2022-12-14 22:05:54] [SEVERE ] placing card 48 in slot 5
[2022-12-14 22:05:54] [SEVERE ] placing card 26 in slot 6
[2022-12-14 22:05:54] [SEVERE ] placing card 49 in slot 7
[2022-12-14 22:05:54] [SEVERE ] placing card 13 in slot 8
[2022-12-14 22:05:54] [SEVERE ] placing card 15 in slot 9
[2022-12-14 22:05:54] [SEVERE ] placing card 72 in slot 10
[2022-12-14 22:05:55] [SEVERE ] placing card 20 in slot 11
[2022-12-14 22:06:04] [SEVERE ] Key 65 was pressed by player 0
[2022-12-14 22:06:04] [SEVERE ] player 0 placing token on slot 4
[2022-12-14 22:06:04] [SEVERE ] Key 87 was pressed by player 0
[2022-12-14 22:06:04] [SEVERE ] player 0 placing token on slot 1
[2022-12-14 22:06:09] [SEVERE ] Key 83 was pressed by player 0
[2022-12-14 22:06:09] [SEVERE ] player 0 placing token on slot 5
[2022-12-14 22:06:09] [SEVERE ] setting player 0 freeze to 3000
