[2022-12-14 15:50:43] [INFO   ] cannot read configuration file config.properties trying from resources.
[2022-12-14 15:50:43] [INFO   ] configuration file was loaded from resources directory.
[2022-12-14 15:50:44] [INFO   ] Thread dealer starting.
[2022-12-14 15:50:44] [SEVERE ] placing card 35 in slot 0
[2022-12-14 15:50:44] [SEVERE ] placing card 64 in slot 1
[2022-12-14 15:50:45] [SEVERE ] placing card 50 in slot 2
[2022-12-14 15:50:45] [SEVERE ] placing card 38 in slot 3
[2022-12-14 15:50:45] [SEVERE ] placing card 19 in slot 4
[2022-12-14 15:50:45] [SEVERE ] placing card 23 in slot 5
[2022-12-14 15:50:45] [SEVERE ] placing card 9 in slot 6
[2022-12-14 15:50:45] [SEVERE ] placing card 21 in slot 7
[2022-12-14 15:50:45] [SEVERE ] placing card 14 in slot 8
[2022-12-14 15:50:45] [SEVERE ] placing card 30 in slot 9
[2022-12-14 15:50:45] [SEVERE ] placing card 25 in slot 10
[2022-12-14 15:50:46] [SEVERE ] placing card 35 in slot 11
[2022-12-14 15:50:47] [SEVERE ] Key 65 was pressed by player 0
[2022-12-14 15:50:47] [SEVERE ] player 0 placing token on slot 4
[2022-12-14 15:50:48] [SEVERE ] Key 83 was pressed by player 0
[2022-12-14 15:50:48] [SEVERE ] player 0 placing token on slot 5
[2022-12-14 15:50:49] [SEVERE ] Key 68 was pressed by player 0
[2022-12-14 15:50:49] [SEVERE ] player 0 placing token on slot 6
[2022-12-14 15:50:49] [SEVERE ] removing player 0 token from slot 4
[2022-12-14 15:50:49] [SEVERE ] removing player 0 token from slot 5
[2022-12-14 15:50:49] [SEVERE ] removing player 0 token from slot 6
[2022-12-14 15:51:10] [SEVERE ] setting player 0 freeze to 5000
