[2022-12-14 17:43:47] [INFO   ] cannot read configuration file config.properties trying from resources.
[2022-12-14 17:43:47] [INFO   ] configuration file was loaded from resources directory.
[2022-12-14 17:43:47] [INFO   ] Thread dealer starting.
[2022-12-14 17:43:47] [INFO   ] Thread Thread-3starting.
[2022-12-14 17:43:47] [INFO   ] Thread Thread-4starting.
[2022-12-14 17:43:48] [SEVERE ] placing card 39 in slot 0
[2022-12-14 17:43:48] [SEVERE ] placing card 40 in slot 1
[2022-12-14 17:43:48] [SEVERE ] placing card 1 in slot 2
[2022-12-14 17:43:48] [SEVERE ] placing card 21 in slot 3
[2022-12-14 17:43:48] [SEVERE ] placing card 80 in slot 4
[2022-12-14 17:43:48] [SEVERE ] placing card 10 in slot 5
[2022-12-14 17:43:48] [SEVERE ] placing card 47 in slot 6
[2022-12-14 17:43:48] [SEVERE ] placing card 51 in slot 7
[2022-12-14 17:43:49] [SEVERE ] placing card 19 in slot 8
[2022-12-14 17:43:49] [SEVERE ] placing card 72 in slot 9
[2022-12-14 17:43:49] [SEVERE ] placing card 22 in slot 10
[2022-12-14 17:43:49] [SEVERE ] placing card 24 in slot 11
[2022-12-14 17:43:50] [SEVERE ] Key 65 was pressed by player 0
[2022-12-14 17:43:50] [SEVERE ] player 0 placing token on slot 4
[2022-12-14 17:43:51] [SEVERE ] Key 83 was pressed by player 0
[2022-12-14 17:43:51] [SEVERE ] player 0 placing token on slot 5
[2022-12-14 17:43:53] [SEVERE ] Key 90 was pressed by player 0
[2022-12-14 17:43:53] [SEVERE ] player 0 placing token on slot 8
[2022-12-14 17:43:58] [SEVERE ] setting player 0 freeze to 3000
[2022-12-14 17:44:49] [SEVERE ] removing card from slot 0
[2022-12-14 17:44:49] [SEVERE ] removing card from slot 1
[2022-12-14 17:44:49] [SEVERE ] removing card from slot 2
[2022-12-14 17:44:49] [SEVERE ] removing card from slot 3
[2022-12-14 17:44:49] [SEVERE ] removing card from slot 4
[2022-12-14 17:44:49] [SEVERE ] removing player 0 token from slot 4
[2022-12-14 17:44:50] [SEVERE ] removing card from slot 5
[2022-12-14 17:44:50] [SEVERE ] removing player 0 token from slot 5
[2022-12-14 17:44:50] [SEVERE ] removing card from slot 6
[2022-12-14 17:44:50] [SEVERE ] removing card from slot 7
[2022-12-14 17:44:50] [SEVERE ] removing card from slot 8
[2022-12-14 17:44:50] [SEVERE ] removing player 0 token from slot 8
[2022-12-14 17:44:50] [SEVERE ] removing card from slot 9
[2022-12-14 17:44:50] [SEVERE ] removing card from slot 10
[2022-12-14 17:44:50] [SEVERE ] removing card from slot 11
[2022-12-14 17:44:50] [SEVERE ] placing card 79 in slot 0
[2022-12-14 17:44:50] [SEVERE ] placing card 53 in slot 1
[2022-12-14 17:44:50] [SEVERE ] placing card 55 in slot 2
[2022-12-14 17:44:51] [SEVERE ] placing card 71 in slot 3
[2022-12-14 17:44:51] [SEVERE ] placing card 16 in slot 4
[2022-12-14 17:44:51] [SEVERE ] placing card 42 in slot 5
[2022-12-14 17:44:51] [SEVERE ] placing card 54 in slot 6
[2022-12-14 17:44:51] [SEVERE ] placing card 59 in slot 7
[2022-12-14 17:44:51] [SEVERE ] placing card 69 in slot 8
[2022-12-14 17:44:51] [SEVERE ] placing card 18 in slot 9
[2022-12-14 17:44:51] [SEVERE ] placing card 20 in slot 10
[2022-12-14 17:44:51] [SEVERE ] placing card 66 in slot 11
