[2022-12-14 22:23:12] [INFO   ] cannot read configuration file config.properties trying from resources.
[2022-12-14 22:23:12] [INFO   ] configuration file was loaded from resources directory.
[2022-12-14 22:23:13] [INFO   ] Thread dealer starting.
[2022-12-14 22:23:13] [INFO   ] Thread Thread-4starting.
[2022-12-14 22:23:13] [INFO   ] Thread Thread-3starting.
[2022-12-14 22:23:13] [SEVERE ] placing card 18 in slot 0
[2022-12-14 22:23:13] [SEVERE ] placing card 27 in slot 1
[2022-12-14 22:23:13] [SEVERE ] placing card 72 in slot 2
[2022-12-14 22:23:13] [SEVERE ] placing card 35 in slot 3
[2022-12-14 22:23:13] [SEVERE ] placing card 25 in slot 4
[2022-12-14 22:23:14] [SEVERE ] placing card 40 in slot 5
[2022-12-14 22:23:14] [SEVERE ] placing card 77 in slot 6
[2022-12-14 22:23:14] [SEVERE ] placing card 75 in slot 7
[2022-12-14 22:23:14] [SEVERE ] placing card 68 in slot 8
[2022-12-14 22:23:14] [SEVERE ] placing card 11 in slot 9
[2022-12-14 22:23:14] [SEVERE ] placing card 76 in slot 10
[2022-12-14 22:23:14] [SEVERE ] placing card 10 in slot 11
[2022-12-14 22:23:15] [SEVERE ] Key 65 was pressed by player 0
[2022-12-14 22:23:26] [SEVERE ] player 0 placing token on slot 4
[2022-12-14 22:23:29] [SEVERE ] Key 87 was pressed by player 0
[2022-12-14 22:23:42] [SEVERE ] player 0 placing token on slot 1
[2022-12-14 22:23:50] [SEVERE ] Key 83 was pressed by player 0
[2022-12-14 22:23:56] [SEVERE ] player 0 placing token on slot 5
[2022-12-14 22:23:58] [SEVERE ] setting player 0 freeze to 3000
[2022-12-14 22:24:14] [SEVERE ] removing card from slot 0
[2022-12-14 22:24:14] [SEVERE ] removing card from slot 1
[2022-12-14 22:24:14] [SEVERE ] removing player 0 token from slot 1
[2022-12-14 22:24:15] [SEVERE ] removing card from slot 2
[2022-12-14 22:24:15] [SEVERE ] removing card from slot 3
[2022-12-14 22:24:15] [SEVERE ] removing card from slot 4
[2022-12-14 22:24:15] [SEVERE ] removing player 0 token from slot 4
[2022-12-14 22:24:15] [SEVERE ] removing card from slot 5
[2022-12-14 22:24:15] [SEVERE ] removing player 0 token from slot 5
[2022-12-14 22:24:15] [SEVERE ] removing card from slot 6
[2022-12-14 22:24:15] [SEVERE ] removing card from slot 7
[2022-12-14 22:24:15] [SEVERE ] removing card from slot 8
[2022-12-14 22:24:15] [SEVERE ] removing card from slot 9
[2022-12-14 22:24:15] [SEVERE ] removing card from slot 10
[2022-12-14 22:24:16] [SEVERE ] removing card from slot 11
[2022-12-14 22:24:16] [SEVERE ] placing card 25 in slot 0
[2022-12-14 22:24:16] [SEVERE ] placing card 33 in slot 1
[2022-12-14 22:24:16] [SEVERE ] placing card 1 in slot 2
[2022-12-14 22:24:16] [SEVERE ] placing card 4 in slot 3
[2022-12-14 22:24:16] [SEVERE ] placing card 58 in slot 4
[2022-12-14 22:24:16] [SEVERE ] placing card 15 in slot 5
[2022-12-14 22:24:16] [SEVERE ] placing card 51 in slot 6
[2022-12-14 22:24:16] [SEVERE ] placing card 31 in slot 7
[2022-12-14 22:24:17] [SEVERE ] placing card 56 in slot 8
[2022-12-14 22:24:17] [SEVERE ] placing card 14 in slot 9
[2022-12-14 22:24:17] [SEVERE ] placing card 79 in slot 10
[2022-12-14 22:24:17] [SEVERE ] placing card 46 in slot 11
[2022-12-14 22:24:20] [SEVERE ] Key 65 was pressed by player 0
[2022-12-14 22:24:31] [SEVERE ] player 0 placing token on slot 4
[2022-12-14 22:24:42] [SEVERE ] Key 87 was pressed by player 0
[2022-12-14 22:24:46] [SEVERE ] player 0 placing token on slot 1
[2022-12-14 22:24:52] [SEVERE ] Key 68 was pressed by player 0
[2022-12-14 22:24:56] [SEVERE ] player 0 placing token on slot 6
[2022-12-14 22:24:57] [SEVERE ] setting player 0 freeze to 3000
[2022-12-14 22:25:09] [SEVERE ] Key 83 was pressed by player 0
[2022-12-14 22:25:17] [SEVERE ] removing card from slot 0
[2022-12-14 22:25:17] [SEVERE ] removing card from slot 1
[2022-12-14 22:25:17] [SEVERE ] removing player 0 token from slot 1
[2022-12-14 22:25:17] [SEVERE ] removing card from slot 2
[2022-12-14 22:25:18] [SEVERE ] removing card from slot 3
[2022-12-14 22:25:18] [SEVERE ] removing card from slot 4
[2022-12-14 22:25:18] [SEVERE ] removing player 0 token from slot 4
[2022-12-14 22:25:18] [SEVERE ] removing card from slot 5
[2022-12-14 22:25:18] [SEVERE ] removing card from slot 6
[2022-12-14 22:25:18] [SEVERE ] removing player 0 token from slot 6
[2022-12-14 22:25:18] [SEVERE ] removing card from slot 7
[2022-12-14 22:25:18] [SEVERE ] removing card from slot 8
[2022-12-14 22:25:18] [SEVERE ] removing card from slot 9
[2022-12-14 22:25:18] [SEVERE ] removing card from slot 10
[2022-12-14 22:25:18] [SEVERE ] removing card from slot 11
[2022-12-14 22:25:19] [SEVERE ] placing card 44 in slot 0
[2022-12-14 22:25:19] [SEVERE ] placing card 13 in slot 1
[2022-12-14 22:25:19] [SEVERE ] placing card 40 in slot 2
[2022-12-14 22:25:19] [SEVERE ] placing card 55 in slot 3
[2022-12-14 22:25:19] [SEVERE ] placing card 32 in slot 4
[2022-12-14 22:25:19] [SEVERE ] placing card 54 in slot 5
[2022-12-14 22:25:19] [SEVERE ] placing card 74 in slot 6
[2022-12-14 22:25:19] [SEVERE ] placing card 26 in slot 7
[2022-12-14 22:25:19] [SEVERE ] placing card 3 in slot 8
[2022-12-14 22:25:20] [SEVERE ] placing card 46 in slot 9
[2022-12-14 22:25:20] [SEVERE ] placing card 8 in slot 10
[2022-12-14 22:25:20] [SEVERE ] placing card 16 in slot 11
