[2022-12-13 23:17:28] [INFO   ] cannot read configuration file config.properties trying from resources.
[2022-12-13 23:17:28] [INFO   ] configuration file was loaded from resources directory.
[2022-12-13 23:17:29] [INFO   ] Thread dealer starting.
[2022-12-13 23:17:29] [SEVERE ] placing card 1 in slot 0
[2022-12-13 23:17:29] [SEVERE ] placing card 73 in slot 1
[2022-12-13 23:17:29] [SEVERE ] placing card 14 in slot 2
[2022-12-13 23:17:29] [SEVERE ] placing card 30 in slot 3
[2022-12-13 23:17:29] [SEVERE ] placing card 13 in slot 4
[2022-12-13 23:17:29] [SEVERE ] placing card 63 in slot 5
[2022-12-13 23:17:29] [SEVERE ] placing card 9 in slot 6
[2022-12-13 23:17:30] [SEVERE ] placing card 39 in slot 7
[2022-12-13 23:17:30] [SEVERE ] placing card 21 in slot 8
[2022-12-13 23:17:30] [SEVERE ] placing card 30 in slot 9
[2022-12-13 23:17:30] [SEVERE ] placing card 4 in slot 10
[2022-12-13 23:17:30] [SEVERE ] placing card 58 in slot 11
[2022-12-13 23:17:32] [SEVERE ] Key 65 was pressed by player 0
[2022-12-13 23:18:23] [SEVERE ] player 0 placing token on slot 4
[2022-12-13 23:18:33] [SEVERE ] removing card from slot 0
[2022-12-13 23:18:33] [SEVERE ] removing card from slot 1
[2022-12-13 23:18:33] [SEVERE ] removing card from slot 2
[2022-12-13 23:18:33] [SEVERE ] removing card from slot 3
[2022-12-13 23:18:33] [SEVERE ] removing card from slot 4
[2022-12-13 23:18:33] [INFO   ] Thread main terminated.
