[2022-12-14 21:51:39] [INFO   ] cannot read configuration file config.properties trying from resources.
[2022-12-14 21:51:39] [INFO   ] configuration file was loaded from resources directory.
[2022-12-14 21:51:40] [INFO   ] Thread dealer starting.
[2022-12-14 21:51:40] [INFO   ] Thread Thread-4starting.
[2022-12-14 21:51:40] [INFO   ] Thread Thread-3starting.
[2022-12-14 21:51:40] [SEVERE ] placing card 66 in slot 0
[2022-12-14 21:51:40] [SEVERE ] placing card 59 in slot 1
[2022-12-14 21:51:40] [SEVERE ] placing card 25 in slot 2
[2022-12-14 21:51:40] [SEVERE ] placing card 63 in slot 3
[2022-12-14 21:51:40] [SEVERE ] placing card 1 in slot 4
[2022-12-14 21:51:40] [SEVERE ] placing card 4 in slot 5
[2022-12-14 21:51:41] [SEVERE ] placing card 46 in slot 6
[2022-12-14 21:51:41] [SEVERE ] placing card 14 in slot 7
[2022-12-14 21:51:41] [SEVERE ] placing card 3 in slot 8
[2022-12-14 21:51:41] [SEVERE ] placing card 45 in slot 9
[2022-12-14 21:51:41] [SEVERE ] placing card 50 in slot 10
[2022-12-14 21:51:41] [SEVERE ] placing card 6 in slot 11
[2022-12-14 21:51:43] [SEVERE ] Key 65 was pressed by player 0
[2022-12-14 21:51:43] [SEVERE ] player 0 placing token on slot 4
[2022-12-14 21:51:44] [SEVERE ] Key 87 was pressed by player 0
[2022-12-14 21:51:44] [SEVERE ] player 0 placing token on slot 1
[2022-12-14 21:51:45] [SEVERE ] Key 83 was pressed by player 0
[2022-12-14 21:51:45] [SEVERE ] player 0 placing token on slot 5
[2022-12-14 22:00:32] [SEVERE ] setting player 0 freeze to 3000
[2022-12-14 22:00:32] [SEVERE ] removing card from slot 0
