[2022-12-14 22:00:39] [INFO   ] cannot read configuration file config.properties trying from resources.
[2022-12-14 22:00:39] [INFO   ] configuration file was loaded from resources directory.
[2022-12-14 22:00:40] [INFO   ] Thread dealer starting.
[2022-12-14 22:00:40] [INFO   ] Thread Thread-3starting.
[2022-12-14 22:00:40] [INFO   ] Thread Thread-4starting.
[2022-12-14 22:00:40] [SEVERE ] placing card 25 in slot 0
[2022-12-14 22:00:40] [SEVERE ] placing card 45 in slot 1
[2022-12-14 22:00:40] [SEVERE ] placing card 8 in slot 2
[2022-12-14 22:00:40] [SEVERE ] placing card 54 in slot 3
[2022-12-14 22:00:40] [SEVERE ] placing card 37 in slot 4
[2022-12-14 22:00:41] [SEVERE ] placing card 63 in slot 5
[2022-12-14 22:00:41] [SEVERE ] placing card 1 in slot 6
[2022-12-14 22:00:41] [SEVERE ] placing card 79 in slot 7
[2022-12-14 22:00:41] [SEVERE ] placing card 32 in slot 8
[2022-12-14 22:00:41] [SEVERE ] placing card 28 in slot 9
[2022-12-14 22:00:41] [SEVERE ] placing card 14 in slot 10
[2022-12-14 22:00:41] [SEVERE ] placing card 39 in slot 11
[2022-12-14 22:00:43] [SEVERE ] Key 65 was pressed by player 0
[2022-12-14 22:00:43] [SEVERE ] player 0 placing token on slot 4
[2022-12-14 22:00:43] [SEVERE ] Key 87 was pressed by player 0
[2022-12-14 22:00:43] [SEVERE ] player 0 placing token on slot 1
[2022-12-14 22:00:46] [SEVERE ] Key 83 was pressed by player 0
[2022-12-14 22:00:46] [SEVERE ] player 0 placing token on slot 5
[2022-12-14 22:00:46] [SEVERE ] setting player 0 freeze to 3000
[2022-12-14 22:00:49] [SEVERE ] setting player 0 freeze to -1
[2022-12-14 22:00:55] [SEVERE ] Key 83 was pressed by player 0
[2022-12-14 22:01:00] [SEVERE ] Key 75 was pressed by player 1
[2022-12-14 22:01:00] [SEVERE ] player 1 placing token on slot 5
[2022-12-14 22:01:01] [SEVERE ] Key 74 was pressed by player 1
[2022-12-14 22:01:01] [SEVERE ] player 1 placing token on slot 4
[2022-12-14 22:01:02] [SEVERE ] Key 73 was pressed by player 1
[2022-12-14 22:01:02] [SEVERE ] player 1 placing token on slot 1
[2022-12-14 22:01:02] [SEVERE ] setting player 1 freeze to 3000
[2022-12-14 22:01:05] [SEVERE ] setting player 1 freeze to -1
[2022-12-14 22:01:05] [SEVERE ] Key 77 was pressed by player 1
