[2022-12-15 18:43:09] [INFO   ] cannot read configuration file config.properties trying from resources.
[2022-12-15 18:43:09] [INFO   ] configuration file was loaded from resources directory.
[2022-12-15 18:43:10] [INFO   ] Thread dealer starting.
[2022-12-15 18:43:10] [INFO   ] Thread Thread-3starting.
[2022-12-15 18:43:10] [INFO   ] Thread Thread-4starting.
[2022-12-15 18:43:10] [SEVERE ] placing card 13 in slot 0
[2022-12-15 18:43:10] [SEVERE ] placing card 61 in slot 1
[2022-12-15 18:43:10] [SEVERE ] placing card 18 in slot 2
[2022-12-15 18:43:10] [SEVERE ] placing card 63 in slot 3
[2022-12-15 18:43:10] [SEVERE ] placing card 79 in slot 4
[2022-12-15 18:43:10] [SEVERE ] placing card 73 in slot 5
[2022-12-15 18:43:10] [SEVERE ] placing card 23 in slot 6
[2022-12-15 18:43:10] [SEVERE ] placing card 33 in slot 7
[2022-12-15 18:43:11] [SEVERE ] placing card 69 in slot 8
[2022-12-15 18:43:11] [SEVERE ] placing card 74 in slot 9
[2022-12-15 18:43:11] [SEVERE ] placing card 9 in slot 10
[2022-12-15 18:43:11] [SEVERE ] placing card 68 in slot 11
[2022-12-15 18:43:23] [SEVERE ] Key 65 was pressed by player 0
[2022-12-15 18:43:23] [SEVERE ] player 0 placing token on slot 79
[2022-12-15 18:43:28] [SEVERE ] Exit button pressed
