[2022-12-14 12:44:34] [INFO   ] cannot read configuration file config.properties trying from resources.
[2022-12-14 12:44:34] [INFO   ] configuration file was loaded from resources directory.
[2022-12-14 12:44:36] [INFO   ] Thread dealer starting.
[2022-12-14 12:44:36] [SEVERE ] placing card 3 in slot 0
[2022-12-14 12:44:37] [SEVERE ] placing card 18 in slot 1
[2022-12-14 12:44:37] [SEVERE ] placing card 50 in slot 2
[2022-12-14 12:44:37] [SEVERE ] placing card 15 in slot 3
[2022-12-14 12:44:37] [SEVERE ] placing card 52 in slot 4
[2022-12-14 12:44:37] [SEVERE ] placing card 47 in slot 5
[2022-12-14 12:44:37] [SEVERE ] placing card 70 in slot 6
[2022-12-14 12:44:37] [SEVERE ] placing card 0 in slot 7
[2022-12-14 12:44:37] [SEVERE ] placing card 31 in slot 8
[2022-12-14 12:44:37] [SEVERE ] placing card 65 in slot 9
[2022-12-14 12:44:37] [SEVERE ] placing card 0 in slot 10
[2022-12-14 12:44:38] [SEVERE ] placing card 20 in slot 11
[2022-12-14 12:44:39] [SEVERE ] Key 65 was pressed by player 0
[2022-12-14 12:44:39] [SEVERE ] player 0 placing token on slot 4
[2022-12-14 12:44:41] [SEVERE ] Key 74 was pressed by player 1
[2022-12-14 12:44:41] [SEVERE ] player 1 placing token on slot 4
[2022-12-14 12:44:46] [SEVERE ] Key 70 was pressed by player 0
[2022-12-14 12:44:46] [SEVERE ] player 0 placing token on slot 7
[2022-12-14 12:44:49] [SEVERE ] Key 82 was pressed by player 0
[2022-12-14 12:44:49] [SEVERE ] player 0 placing token on slot 3
[2022-12-14 12:44:49] [SEVERE ] removing player 0 token from slot 4
[2022-12-14 12:44:49] [SEVERE ] removing player 0 token from slot 7
[2022-12-14 12:44:49] [SEVERE ] removing player 0 token from slot 3
[2022-12-14 12:44:49] [SEVERE ] setting player 0 freeze to 5000
[2022-12-14 12:44:54] [SEVERE ] Key 69 was pressed by player 0
[2022-12-14 12:44:54] [SEVERE ] player 0 placing token on slot 2
[2022-12-14 12:44:54] [SEVERE ] Key 68 was pressed by player 0
[2022-12-14 12:44:54] [SEVERE ] player 0 placing token on slot 6
[2022-12-14 12:44:54] [SEVERE ] Key 67 was pressed by player 0
[2022-12-14 12:44:54] [SEVERE ] player 0 placing token on slot 10
[2022-12-14 12:44:54] [SEVERE ] removing player 0 token from slot 2
[2022-12-14 12:44:54] [SEVERE ] removing player 0 token from slot 6
[2022-12-14 12:44:54] [SEVERE ] removing player 0 token from slot 10
[2022-12-14 12:44:54] [SEVERE ] setting player 0 score to 1
[2022-12-14 12:44:54] [SEVERE ] setting player 0 freeze to 1000
[2022-12-14 12:44:55] [SEVERE ] setting player 0 score to 2
[2022-12-14 12:44:55] [SEVERE ] Key 88 was pressed by player 0
[2022-12-14 12:44:55] [SEVERE ] player 0 placing token on slot 9
[2022-12-14 12:44:59] [SEVERE ] Key 83 was pressed by player 0
[2022-12-14 12:44:59] [SEVERE ] player 0 placing token on slot 5
[2022-12-14 12:44:59] [SEVERE ] Key 69 was pressed by player 0
[2022-12-14 12:44:59] [SEVERE ] player 0 placing token on slot 2
[2022-12-14 12:44:59] [SEVERE ] removing player 0 token from slot 9
[2022-12-14 12:44:59] [SEVERE ] removing player 0 token from slot 5
[2022-12-14 12:44:59] [SEVERE ] removing player 0 token from slot 2
[2022-12-14 12:44:59] [SEVERE ] setting player 0 freeze to 5000
[2022-12-14 12:45:04] [SEVERE ] Key 70 was pressed by player 0
[2022-12-14 12:45:04] [SEVERE ] player 0 placing token on slot 7
[2022-12-14 12:45:04] [SEVERE ] Key 90 was pressed by player 0
[2022-12-14 12:45:04] [SEVERE ] player 0 placing token on slot 8
[2022-12-14 12:45:04] [SEVERE ] Key 88 was pressed by player 0
[2022-12-14 12:45:04] [SEVERE ] player 0 placing token on slot 9
[2022-12-14 12:45:05] [SEVERE ] removing player 0 token from slot 7
[2022-12-14 12:45:05] [SEVERE ] removing player 0 token from slot 8
[2022-12-14 12:45:05] [SEVERE ] removing player 0 token from slot 9
[2022-12-14 12:45:05] [SEVERE ] setting player 0 freeze to 5000
[2022-12-14 12:45:10] [SEVERE ] Key 67 was pressed by player 0
[2022-12-14 12:45:10] [SEVERE ] player 0 placing token on slot 10
[2022-12-14 12:45:10] [SEVERE ] Key 68 was pressed by player 0
[2022-12-14 12:45:10] [SEVERE ] player 0 placing token on slot 6
[2022-12-14 12:45:10] [SEVERE ] Key 68 was pressed by player 0
[2022-12-14 12:45:10] [SEVERE ] Key 68 was pressed by player 0
[2022-12-14 12:45:10] [SEVERE ] Key 86 was pressed by player 0
[2022-12-14 12:45:10] [SEVERE ] player 0 placing token on slot 11
[2022-12-14 12:45:10] [SEVERE ] removing player 0 token from slot 10
[2022-12-14 12:45:10] [SEVERE ] removing player 0 token from slot 6
[2022-12-14 12:45:10] [SEVERE ] removing player 0 token from slot 11
[2022-12-14 12:45:10] [SEVERE ] setting player 0 freeze to 5000
