[2022-12-14 22:10:45] [INFO   ] cannot read configuration file config.properties trying from resources.
[2022-12-14 22:10:45] [INFO   ] configuration file was loaded from resources directory.
[2022-12-14 22:10:46] [INFO   ] Thread dealer starting.
[2022-12-14 22:10:46] [INFO   ] Thread Thread-3starting.
[2022-12-14 22:10:46] [INFO   ] Thread Thread-4starting.
[2022-12-14 22:10:46] [SEVERE ] placing card 66 in slot 0
[2022-12-14 22:10:46] [SEVERE ] placing card 1 in slot 1
[2022-12-14 22:10:46] [SEVERE ] placing card 39 in slot 2
[2022-12-14 22:10:46] [SEVERE ] placing card 75 in slot 3
[2022-12-14 22:10:46] [SEVERE ] placing card 3 in slot 4
[2022-12-14 22:10:47] [SEVERE ] placing card 74 in slot 5
[2022-12-14 22:10:47] [SEVERE ] placing card 5 in slot 6
[2022-12-14 22:10:47] [SEVERE ] placing card 46 in slot 7
[2022-12-14 22:10:47] [SEVERE ] placing card 34 in slot 8
[2022-12-14 22:10:47] [SEVERE ] placing card 13 in slot 9
[2022-12-14 22:10:47] [SEVERE ] placing card 26 in slot 10
[2022-12-14 22:10:47] [SEVERE ] placing card 77 in slot 11
[2022-12-14 22:10:48] [SEVERE ] Key 65 was pressed by player 0
[2022-12-14 22:10:48] [SEVERE ] player 0 placing token on slot 4
[2022-12-14 22:10:49] [SEVERE ] Key 87 was pressed by player 0
[2022-12-14 22:10:49] [SEVERE ] player 0 placing token on slot 1
[2022-12-14 22:10:51] [SEVERE ] Key 83 was pressed by player 0
[2022-12-14 22:10:51] [SEVERE ] player 0 placing token on slot 5
[2022-12-14 22:10:51] [SEVERE ] setting player 0 freeze to 3000
[2022-12-14 22:10:51] [SEVERE ] setting player 0 freeze to -1000
[2022-12-14 22:10:52] [SEVERE ] Key 65 was pressed by player 0
[2022-12-14 22:10:53] [SEVERE ] Key 83 was pressed by player 0
[2022-12-14 22:10:53] [SEVERE ] Key 87 was pressed by player 0
[2022-12-14 22:10:53] [SEVERE ] Key 81 was pressed by player 0
