[2022-12-14 22:06:56] [INFO   ] cannot read configuration file config.properties trying from resources.
[2022-12-14 22:06:56] [INFO   ] configuration file was loaded from resources directory.
[2022-12-14 22:06:56] [INFO   ] Thread dealer starting.
[2022-12-14 22:06:56] [INFO   ] Thread Thread-3starting.
[2022-12-14 22:06:56] [INFO   ] Thread Thread-4starting.
[2022-12-14 22:06:57] [SEVERE ] placing card 57 in slot 0
[2022-12-14 22:06:57] [SEVERE ] placing card 50 in slot 1
[2022-12-14 22:06:57] [SEVERE ] placing card 7 in slot 2
[2022-12-14 22:06:57] [SEVERE ] placing card 25 in slot 3
[2022-12-14 22:06:57] [SEVERE ] placing card 58 in slot 4
[2022-12-14 22:06:57] [SEVERE ] placing card 59 in slot 5
[2022-12-14 22:06:57] [SEVERE ] placing card 6 in slot 6
[2022-12-14 22:06:57] [SEVERE ] placing card 32 in slot 7
[2022-12-14 22:06:57] [SEVERE ] placing card 27 in slot 8
[2022-12-14 22:06:58] [SEVERE ] placing card 35 in slot 9
[2022-12-14 22:06:58] [SEVERE ] placing card 78 in slot 10
[2022-12-14 22:06:58] [SEVERE ] placing card 55 in slot 11
[2022-12-14 22:07:01] [SEVERE ] Key 87 was pressed by player 0
[2022-12-14 22:07:01] [SEVERE ] player 0 placing token on slot 1
[2022-12-14 22:07:03] [SEVERE ] Key 65 was pressed by player 0
[2022-12-14 22:07:03] [SEVERE ] player 0 placing token on slot 4
[2022-12-14 22:07:05] [SEVERE ] Key 83 was pressed by player 0
[2022-12-14 22:07:05] [SEVERE ] player 0 placing token on slot 5
[2022-12-14 22:07:05] [SEVERE ] setting player 0 freeze to 3000
[2022-12-14 22:07:10] [SEVERE ] Key 65 was pressed by player 0
[2022-12-14 22:07:11] [SEVERE ] Key 65 was pressed by player 0
[2022-12-14 22:07:11] [SEVERE ] Key 83 was pressed by player 0
[2022-12-14 22:07:12] [SEVERE ] Key 83 was pressed by player 0
[2022-12-14 22:07:13] [SEVERE ] Key 87 was pressed by player 0
[2022-12-14 22:07:13] [SEVERE ] Key 81 was pressed by player 0
[2022-12-14 22:07:14] [SEVERE ] Key 90 was pressed by player 0
[2022-12-14 22:07:15] [SEVERE ] Key 88 was pressed by player 0
[2022-12-14 22:07:20] [SEVERE ] Key 65 was pressed by player 0
