[2022-12-14 17:46:27] [INFO   ] cannot read configuration file config.properties trying from resources.
[2022-12-14 17:46:27] [INFO   ] configuration file was loaded from resources directory.
[2022-12-14 17:46:28] [INFO   ] Thread dealer starting.
[2022-12-14 17:46:28] [INFO   ] Thread Thread-3starting.
[2022-12-14 17:46:28] [INFO   ] Thread Thread-4starting.
[2022-12-14 17:46:28] [SEVERE ] placing card 20 in slot 0
[2022-12-14 17:46:28] [SEVERE ] placing card 58 in slot 1
[2022-12-14 17:46:28] [SEVERE ] placing card 68 in slot 2
[2022-12-14 17:46:28] [SEVERE ] placing card 61 in slot 3
[2022-12-14 17:46:28] [SEVERE ] placing card 37 in slot 4
[2022-12-14 17:46:28] [SEVERE ] placing card 33 in slot 5
[2022-12-14 17:46:29] [SEVERE ] placing card 39 in slot 6
[2022-12-14 17:46:29] [SEVERE ] placing card 63 in slot 7
[2022-12-14 17:46:29] [SEVERE ] placing card 64 in slot 8
[2022-12-14 17:46:29] [SEVERE ] placing card 24 in slot 9
[2022-12-14 17:46:29] [SEVERE ] placing card 62 in slot 10
[2022-12-14 17:46:29] [SEVERE ] placing card 18 in slot 11
[2022-12-14 17:46:31] [SEVERE ] Key 76 was pressed by player 1
[2022-12-14 17:46:31] [SEVERE ] player 1 placing token on slot 6
[2022-12-14 17:46:31] [SEVERE ] Key 65 was pressed by player 0
[2022-12-14 17:46:31] [SEVERE ] player 0 placing token on slot 4
[2022-12-14 17:46:33] [SEVERE ] Key 83 was pressed by player 0
[2022-12-14 17:46:33] [SEVERE ] player 0 placing token on slot 5
[2022-12-14 17:46:33] [SEVERE ] Key 59 was pressed by player 1
[2022-12-14 17:46:33] [SEVERE ] player 1 placing token on slot 7
[2022-12-14 17:46:37] [SEVERE ] Key 59 was pressed by player 1
[2022-12-14 17:46:37] [SEVERE ] removing player 1 token from slot 7
[2022-12-14 17:46:39] [SEVERE ] Key 90 was pressed by player 0
[2022-12-14 17:46:39] [SEVERE ] player 0 placing token on slot 8
[2022-12-14 17:46:39] [SEVERE ] setting player 0 freeze to 3000
[2022-12-14 17:46:44] [SEVERE ] Key 59 was pressed by player 1
[2022-12-14 17:46:44] [SEVERE ] player 1 placing token on slot 7
[2022-12-14 17:46:45] [SEVERE ] Key 59 was pressed by player 1
[2022-12-14 17:46:45] [SEVERE ] removing player 1 token from slot 7
[2022-12-14 17:46:47] [SEVERE ] Key 76 was pressed by player 1
[2022-12-14 17:46:47] [SEVERE ] removing player 1 token from slot 6
[2022-12-14 17:46:47] [SEVERE ] Key 76 was pressed by player 1
[2022-12-14 17:46:47] [SEVERE ] player 1 placing token on slot 6
[2022-12-14 17:46:47] [SEVERE ] Key 59 was pressed by player 1
[2022-12-14 17:46:47] [SEVERE ] player 1 placing token on slot 7
[2022-12-14 17:46:48] [SEVERE ] Key 59 was pressed by player 1
[2022-12-14 17:46:48] [SEVERE ] removing player 1 token from slot 7
[2022-12-14 17:46:48] [SEVERE ] Key 76 was pressed by player 1
[2022-12-14 17:46:48] [SEVERE ] removing player 1 token from slot 6
[2022-12-14 17:46:48] [SEVERE ] Key 76 was pressed by player 1
[2022-12-14 17:46:48] [SEVERE ] player 1 placing token on slot 6
[2022-12-14 17:46:49] [SEVERE ] Key 59 was pressed by player 1
[2022-12-14 17:46:49] [SEVERE ] player 1 placing token on slot 7
