[2022-12-13 22:08:38] [INFO   ] cannot read configuration file config.properties trying from resources.
[2022-12-13 22:08:38] [INFO   ] configuration file was loaded from resources directory.
[2022-12-13 22:08:39] [INFO   ] Thread dealer starting.
[2022-12-13 22:08:39] [SEVERE ] placing card 14 in slot 0
[2022-12-13 22:08:39] [SEVERE ] placing card 46 in slot 1
[2022-12-13 22:08:39] [SEVERE ] placing card 35 in slot 2
[2022-12-13 22:08:39] [SEVERE ] placing card 65 in slot 3
[2022-12-13 22:08:39] [SEVERE ] placing card 27 in slot 4
[2022-12-13 22:08:39] [SEVERE ] placing card 35 in slot 5
[2022-12-13 22:08:39] [SEVERE ] placing card 8 in slot 6
[2022-12-13 22:08:39] [SEVERE ] placing card 4 in slot 7
[2022-12-13 22:08:40] [SEVERE ] placing card 55 in slot 8
[2022-12-13 22:08:40] [SEVERE ] placing card 23 in slot 9
[2022-12-13 22:08:40] [SEVERE ] placing card 47 in slot 10
[2022-12-13 22:08:40] [SEVERE ] placing card 26 in slot 11
[2022-12-13 22:08:41] [SEVERE ] Key 65 was pressed by player 0
[2022-12-13 22:08:41] [SEVERE ] placing card 0 in slot 4
[2022-12-13 22:08:41] [SEVERE ] player 0 placing token on slot 4
[2022-12-13 22:08:42] [SEVERE ] Key 65 was pressed by player 0
[2022-12-13 22:08:44] [SEVERE ] Exit button pressed
