[2022-12-14 17:44:59] [INFO   ] cannot read configuration file config.properties trying from resources.
[2022-12-14 17:44:59] [INFO   ] configuration file was loaded from resources directory.
[2022-12-14 17:45:00] [INFO   ] Thread dealer starting.
[2022-12-14 17:45:00] [INFO   ] Thread Thread-3starting.
[2022-12-14 17:45:00] [INFO   ] Thread Thread-4starting.
[2022-12-14 17:45:00] [SEVERE ] placing card 77 in slot 0
[2022-12-14 17:45:00] [SEVERE ] placing card 1 in slot 1
[2022-12-14 17:45:00] [SEVERE ] placing card 39 in slot 2
[2022-12-14 17:45:00] [SEVERE ] placing card 35 in slot 3
[2022-12-14 17:45:01] [SEVERE ] placing card 34 in slot 4
[2022-12-14 17:45:01] [SEVERE ] placing card 9 in slot 5
[2022-12-14 17:45:01] [SEVERE ] placing card 75 in slot 6
[2022-12-14 17:45:01] [SEVERE ] placing card 50 in slot 7
[2022-12-14 17:45:01] [SEVERE ] placing card 4 in slot 8
[2022-12-14 17:45:01] [SEVERE ] placing card 25 in slot 9
[2022-12-14 17:45:01] [SEVERE ] placing card 60 in slot 10
[2022-12-14 17:45:01] [SEVERE ] placing card 12 in slot 11
[2022-12-14 17:45:07] [SEVERE ] Key 65 was pressed by player 0
[2022-12-14 17:45:07] [SEVERE ] player 0 placing token on slot 4
[2022-12-14 17:45:09] [SEVERE ] Key 83 was pressed by player 0
[2022-12-14 17:45:09] [SEVERE ] player 0 placing token on slot 5
[2022-12-14 17:45:11] [SEVERE ] Key 90 was pressed by player 0
[2022-12-14 17:45:11] [SEVERE ] player 0 placing token on slot 8
[2022-12-14 17:45:11] [SEVERE ] setting player 0 freeze to 3000
[2022-12-14 17:45:19] [SEVERE ] Key 65 was pressed by player 0
[2022-12-14 17:45:19] [SEVERE ] Key 65 was pressed by player 0
[2022-12-14 17:45:19] [SEVERE ] Key 65 was pressed by player 0
[2022-12-14 17:45:19] [SEVERE ] Key 65 was pressed by player 0
[2022-12-14 17:45:20] [SEVERE ] Key 90 was pressed by player 0
[2022-12-14 17:45:20] [SEVERE ] Key 90 was pressed by player 0
[2022-12-14 17:45:20] [SEVERE ] Key 90 was pressed by player 0
[2022-12-14 17:45:20] [SEVERE ] Key 83 was pressed by player 0
[2022-12-14 17:45:20] [SEVERE ] Key 83 was pressed by player 0
[2022-12-14 17:45:20] [SEVERE ] Key 83 was pressed by player 0
[2022-12-14 17:45:21] [SEVERE ] Key 90 was pressed by player 0
[2022-12-14 17:45:21] [SEVERE ] Key 90 was pressed by player 0
[2022-12-14 17:45:21] [SEVERE ] Key 65 was pressed by player 0
[2022-12-14 17:45:22] [SEVERE ] Key 65 was pressed by player 0
[2022-12-14 17:45:22] [SEVERE ] Key 83 was pressed by player 0
[2022-12-14 17:45:22] [SEVERE ] Key 90 was pressed by player 0
[2022-12-14 17:45:23] [SEVERE ] Key 65 was pressed by player 0
[2022-12-14 17:45:23] [SEVERE ] Key 83 was pressed by player 0
[2022-12-14 17:45:23] [SEVERE ] Key 90 was pressed by player 0
[2022-12-14 17:45:24] [SEVERE ] Key 65 was pressed by player 0
[2022-12-14 17:45:25] [SEVERE ] Key 83 was pressed by player 0
[2022-12-14 17:45:26] [SEVERE ] Key 90 was pressed by player 0
[2022-12-14 17:45:26] [SEVERE ] Key 65 was pressed by player 0
[2022-12-14 17:45:27] [SEVERE ] Key 65 was pressed by player 0
[2022-12-14 17:45:28] [SEVERE ] Key 83 was pressed by player 0
[2022-12-14 17:45:29] [SEVERE ] Key 90 was pressed by player 0
[2022-12-14 17:45:29] [SEVERE ] Key 65 was pressed by player 0
[2022-12-14 17:45:29] [SEVERE ] Key 83 was pressed by player 0
[2022-12-14 17:45:30] [SEVERE ] Key 90 was pressed by player 0
[2022-12-14 17:45:30] [SEVERE ] Key 65 was pressed by player 0
[2022-12-14 17:45:30] [SEVERE ] Key 83 was pressed by player 0
[2022-12-14 17:45:30] [SEVERE ] Key 90 was pressed by player 0
[2022-12-14 17:45:31] [SEVERE ] Key 65 was pressed by player 0
[2022-12-14 17:45:31] [SEVERE ] Key 83 was pressed by player 0
[2022-12-14 17:45:31] [SEVERE ] Key 83 was pressed by player 0
[2022-12-14 17:45:32] [SEVERE ] Key 90 was pressed by player 0
[2022-12-14 17:45:32] [SEVERE ] Key 65 was pressed by player 0
[2022-12-14 17:45:32] [SEVERE ] Key 83 was pressed by player 0
[2022-12-14 17:45:32] [SEVERE ] Key 83 was pressed by player 0
[2022-12-14 17:45:32] [SEVERE ] Key 65 was pressed by player 0
