[2022-12-14 17:11:30] [INFO   ] cannot read configuration file config.properties trying from resources.
[2022-12-14 17:11:30] [INFO   ] configuration file was loaded from resources directory.
[2022-12-14 17:11:31] [INFO   ] Thread dealer starting.
[2022-12-14 17:11:31] [INFO   ] Thread Thread-4starting.
[2022-12-14 17:11:31] [INFO   ] Thread Thread-3starting.
[2022-12-14 17:11:31] [SEVERE ] placing card 6 in slot 0
[2022-12-14 17:11:31] [SEVERE ] placing card 43 in slot 1
[2022-12-14 17:11:32] [SEVERE ] placing card 23 in slot 2
[2022-12-14 17:11:32] [SEVERE ] placing card 26 in slot 3
[2022-12-14 17:11:32] [SEVERE ] placing card 3 in slot 4
[2022-12-14 17:11:32] [SEVERE ] placing card 23 in slot 5
[2022-12-14 17:11:32] [SEVERE ] placing card 11 in slot 6
[2022-12-14 17:11:32] [SEVERE ] placing card 46 in slot 7
[2022-12-14 17:11:32] [SEVERE ] placing card 3 in slot 8
[2022-12-14 17:11:32] [SEVERE ] placing card 39 in slot 9
[2022-12-14 17:11:32] [SEVERE ] placing card 22 in slot 10
[2022-12-14 17:11:33] [SEVERE ] placing card 2 in slot 11
[2022-12-14 17:11:34] [SEVERE ] Key 65 was pressed by player 0
[2022-12-14 17:11:34] [SEVERE ] player 0 placing token on slot 4
[2022-12-14 17:11:35] [SEVERE ] Key 65 was pressed by player 0
