[2022-12-14 16:35:31] [INFO   ] cannot read configuration file config.properties trying from resources.
[2022-12-14 16:35:31] [INFO   ] configuration file was loaded from resources directory.
[2022-12-14 16:35:31] [INFO   ] Thread dealer starting.
[2022-12-14 16:35:43] [INFO   ] Thread Thread-4starting.
[2022-12-14 16:35:45] [INFO   ] Thread Thread-3starting.
[2022-12-14 16:35:49] [SEVERE ] placing card 41 in slot 0
[2022-12-14 16:35:49] [SEVERE ] placing card 6 in slot 1
[2022-12-14 16:35:49] [SEVERE ] placing card 36 in slot 2
[2022-12-14 16:35:49] [SEVERE ] placing card 64 in slot 3
[2022-12-14 16:35:49] [SEVERE ] placing card 17 in slot 4
[2022-12-14 16:35:49] [SEVERE ] placing card 49 in slot 5
[2022-12-14 16:35:49] [SEVERE ] placing card 61 in slot 6
[2022-12-14 16:35:50] [SEVERE ] placing card 55 in slot 7
[2022-12-14 16:35:50] [SEVERE ] placing card 22 in slot 8
[2022-12-14 16:35:50] [SEVERE ] placing card 11 in slot 9
[2022-12-14 16:35:50] [SEVERE ] placing card 34 in slot 10
[2022-12-14 16:35:50] [SEVERE ] placing card 10 in slot 11
[2022-12-14 16:36:04] [SEVERE ] Key 65 was pressed by player 0
[2022-12-14 16:36:04] [SEVERE ] player 0 placing token on slot 4
[2022-12-14 16:36:07] [SEVERE ] Key 83 was pressed by player 0
[2022-12-14 16:36:07] [SEVERE ] player 0 placing token on slot 5
[2022-12-14 16:36:08] [SEVERE ] Key 68 was pressed by player 0
[2022-12-14 16:36:08] [SEVERE ] player 0 placing token on slot 6
[2022-12-14 16:36:08] [SEVERE ] removing player 0 token from slot 4
[2022-12-14 16:36:08] [SEVERE ] removing player 0 token from slot 5
[2022-12-14 16:36:08] [SEVERE ] removing player 0 token from slot 6
[2022-12-14 16:36:08] [SEVERE ] setting player 0 freeze to 5000
