[2022-12-15 18:40:33] [INFO   ] cannot read configuration file config.properties trying from resources.
[2022-12-15 18:40:33] [INFO   ] configuration file was loaded from resources directory.
[2022-12-15 18:40:34] [INFO   ] Thread dealer starting.
[2022-12-15 18:40:34] [INFO   ] Thread Thread-3starting.
[2022-12-15 18:40:34] [INFO   ] Thread Thread-4starting.
[2022-12-15 18:40:34] [SEVERE ] placing card 2 in slot 0
[2022-12-15 18:40:34] [SEVERE ] placing card 36 in slot 1
[2022-12-15 18:40:34] [SEVERE ] placing card 17 in slot 2
[2022-12-15 18:40:34] [SEVERE ] placing card 29 in slot 3
[2022-12-15 18:40:34] [SEVERE ] placing card 12 in slot 4
[2022-12-15 18:40:34] [SEVERE ] placing card 65 in slot 5
[2022-12-15 18:40:35] [SEVERE ] placing card 67 in slot 6
[2022-12-15 18:40:35] [SEVERE ] placing card 26 in slot 7
[2022-12-15 18:40:35] [SEVERE ] placing card 16 in slot 8
[2022-12-15 18:40:35] [SEVERE ] placing card 59 in slot 9
[2022-12-15 18:40:35] [SEVERE ] placing card 24 in slot 10
[2022-12-15 18:40:35] [SEVERE ] placing card 19 in slot 11
[2022-12-15 18:40:38] [SEVERE ] Key 65 was pressed by player 0
[2022-12-15 18:40:38] [SEVERE ] player 0 placing token on slot 4
[2022-12-15 18:40:41] [SEVERE ] Key 83 was pressed by player 0
[2022-12-15 18:40:41] [SEVERE ] player 0 placing token on slot 5
[2022-12-15 18:40:44] [SEVERE ] Key 68 was pressed by player 0
[2022-12-15 18:40:44] [SEVERE ] player 0 placing token on slot 6
[2022-12-15 18:40:44] [SEVERE ] setting player 0 score to 1
[2022-12-15 18:40:44] [SEVERE ] setting player 0 freeze to 1000
[2022-12-15 18:40:45] [SEVERE ] setting player 0 score to 2
[2022-12-15 18:40:50] [SEVERE ] Key 90 was pressed by player 0
[2022-12-15 18:40:50] [SEVERE ] player 0 placing token on slot 8
[2022-12-15 18:40:51] [SEVERE ] Key 88 was pressed by player 0
[2022-12-15 18:40:51] [SEVERE ] player 0 placing token on slot 9
[2022-12-15 18:40:52] [SEVERE ] Key 67 was pressed by player 0
[2022-12-15 18:40:52] [SEVERE ] player 0 placing token on slot 10
[2022-12-15 18:40:53] [SEVERE ] Key 87 was pressed by player 0
[2022-12-15 18:40:53] [SEVERE ] player 0 placing token on slot 1
