[2022-12-14 16:19:10] [INFO   ] cannot read configuration file config.properties trying from resources.
[2022-12-14 16:19:10] [INFO   ] configuration file was loaded from resources directory.
[2022-12-14 16:19:39] [INFO   ] Thread dealer starting.
[2022-12-14 16:19:48] [INFO   ] Thread Thread-3starting.
[2022-12-14 16:19:50] [INFO   ] Thread Thread-4starting.
[2022-12-14 16:20:20] [SEVERE ] placing card 45 in slot 0
[2022-12-14 16:20:21] [SEVERE ] placing card 70 in slot 1
[2022-12-14 16:20:21] [SEVERE ] placing card 59 in slot 2
[2022-12-14 16:20:21] [SEVERE ] placing card 70 in slot 3
[2022-12-14 16:20:21] [SEVERE ] placing card 43 in slot 4
[2022-12-14 16:20:21] [SEVERE ] placing card 63 in slot 5
[2022-12-14 16:20:21] [SEVERE ] placing card 44 in slot 6
[2022-12-14 16:20:21] [SEVERE ] placing card 7 in slot 7
[2022-12-14 16:20:21] [SEVERE ] placing card 8 in slot 8
[2022-12-14 16:20:21] [SEVERE ] placing card 29 in slot 9
[2022-12-14 16:20:22] [SEVERE ] placing card 53 in slot 10
[2022-12-14 16:20:22] [SEVERE ] placing card 29 in slot 11
[2022-12-14 16:20:37] [SEVERE ] Key 65 was pressed by player 0
[2022-12-14 16:20:37] [SEVERE ] player 0 placing token on slot 4
[2022-12-14 16:20:38] [SEVERE ] Key 65 was pressed by player 0
[2022-12-14 16:20:40] [SEVERE ] Key 65 was pressed by player 0
[2022-12-14 16:20:41] [SEVERE ] Key 65 was pressed by player 0
[2022-12-14 16:20:41] [SEVERE ] Key 65 was pressed by player 0
[2022-12-14 16:20:41] [SEVERE ] Key 65 was pressed by player 0
[2022-12-14 16:20:42] [SEVERE ] Key 65 was pressed by player 0
[2022-12-14 16:20:42] [SEVERE ] Key 65 was pressed by player 0
[2022-12-14 16:20:42] [SEVERE ] Key 65 was pressed by player 0
[2022-12-14 16:20:42] [SEVERE ] Key 65 was pressed by player 0
[2022-12-14 16:20:42] [SEVERE ] Key 65 was pressed by player 0
[2022-12-14 16:20:43] [SEVERE ] Key 65 was pressed by player 0
[2022-12-14 16:20:43] [SEVERE ] Key 65 was pressed by player 0
[2022-12-14 16:20:43] [SEVERE ] Key 65 was pressed by player 0
[2022-12-14 16:20:44] [SEVERE ] Key 65 was pressed by player 0
[2022-12-14 16:20:44] [SEVERE ] Key 65 was pressed by player 0
[2022-12-14 16:20:44] [SEVERE ] Key 65 was pressed by player 0
[2022-12-14 16:20:45] [SEVERE ] Key 83 was pressed by player 0
[2022-12-14 16:20:45] [SEVERE ] player 0 placing token on slot 5
[2022-12-14 16:20:46] [SEVERE ] Key 83 was pressed by player 0
[2022-12-14 16:20:46] [SEVERE ] Key 83 was pressed by player 0
[2022-12-14 16:20:47] [SEVERE ] Key 65 was pressed by player 0
[2022-12-14 16:20:47] [SEVERE ] Key 83 was pressed by player 0
[2022-12-14 16:20:47] [SEVERE ] Key 65 was pressed by player 0
[2022-12-14 16:20:47] [SEVERE ] Key 83 was pressed by player 0
[2022-12-14 16:20:48] [SEVERE ] Key 65 was pressed by player 0
[2022-12-14 16:20:48] [SEVERE ] Key 75 was pressed by player 1
[2022-12-14 16:20:48] [SEVERE ] player 1 placing token on slot 5
[2022-12-14 16:20:49] [SEVERE ] Key 75 was pressed by player 1
[2022-12-14 16:20:49] [SEVERE ] Key 75 was pressed by player 1
[2022-12-14 16:20:50] [SEVERE ] Key 76 was pressed by player 1
[2022-12-14 16:20:50] [SEVERE ] player 1 placing token on slot 6
[2022-12-14 16:20:51] [SEVERE ] Key 76 was pressed by player 1
[2022-12-14 16:20:53] [SEVERE ] Key 75 was pressed by player 1
[2022-12-14 16:20:54] [SEVERE ] Key 76 was pressed by player 1
[2022-12-14 16:20:54] [SEVERE ] Key 74 was pressed by player 1
[2022-12-14 16:20:54] [SEVERE ] player 1 placing token on slot 4
[2022-12-14 16:20:54] [SEVERE ] removing player 1 token from slot 5
[2022-12-14 16:20:54] [SEVERE ] removing player 1 token from slot 6
[2022-12-14 16:20:54] [SEVERE ] removing player 1 token from slot 4
[2022-12-14 16:20:54] [SEVERE ] setting player 1 freeze to 5000
