[2022-12-15 11:11:12] [INFO   ] cannot read configuration file config.properties trying from resources.
[2022-12-15 11:11:12] [INFO   ] configuration file was loaded from resources directory.
[2022-12-15 11:11:13] [INFO   ] Thread dealer starting.
[2022-12-15 11:11:13] [INFO   ] Thread Thread-3starting.
[2022-12-15 11:11:13] [INFO   ] Thread Thread-4starting.
[2022-12-15 11:11:13] [SEVERE ] placing card 47 in slot 0
[2022-12-15 11:11:13] [SEVERE ] placing card 76 in slot 1
[2022-12-15 11:11:13] [SEVERE ] placing card 40 in slot 2
[2022-12-15 11:11:13] [SEVERE ] placing card 26 in slot 3
[2022-12-15 11:11:13] [SEVERE ] placing card 6 in slot 4
[2022-12-15 11:11:13] [SEVERE ] placing card 69 in slot 5
[2022-12-15 11:11:14] [SEVERE ] placing card 55 in slot 6
[2022-12-15 11:11:14] [SEVERE ] placing card 2 in slot 7
[2022-12-15 11:11:14] [SEVERE ] placing card 36 in slot 8
[2022-12-15 11:11:14] [SEVERE ] placing card 24 in slot 9
[2022-12-15 11:11:14] [SEVERE ] placing card 67 in slot 10
[2022-12-15 11:11:14] [SEVERE ] placing card 11 in slot 11
[2022-12-15 11:11:21] [SEVERE ] Key 88 was pressed by player 0
[2022-12-15 11:11:22] [SEVERE ] Key 68 was pressed by player 0
[2022-12-15 11:11:22] [SEVERE ] Key 83 was pressed by player 0
[2022-12-15 11:11:23] [SEVERE ] Key 65 was pressed by player 0
[2022-12-15 11:11:25] [SEVERE ] Key 83 was pressed by player 0
[2022-12-15 11:11:25] [SEVERE ] Key 68 was pressed by player 0
[2022-12-15 11:11:25] [SEVERE ] Key 70 was pressed by player 0
[2022-12-15 11:11:26] [SEVERE ] Key 86 was pressed by player 0
[2022-12-15 11:11:26] [SEVERE ] Key 67 was pressed by player 0
[2022-12-15 11:11:29] [SEVERE ] Key 88 was pressed by player 0
[2022-12-15 11:11:29] [SEVERE ] Key 90 was pressed by player 0
[2022-12-15 11:11:30] [SEVERE ] Key 88 was pressed by player 0
[2022-12-15 11:11:30] [SEVERE ] Key 67 was pressed by player 0
[2022-12-15 11:11:31] [SEVERE ] Key 70 was pressed by player 0
