[2022-12-15 22:15:53] [INFO   ] cannot read configuration file config.properties trying from resources.
[2022-12-15 22:15:53] [INFO   ] configuration file was loaded from resources directory.
[2022-12-15 22:15:54] [INFO   ] Thread dealer starting.
[2022-12-15 22:15:54] [INFO   ] Thread Thread-4starting.
[2022-12-15 22:15:54] [INFO   ] Thread Thread-3starting.
[2022-12-15 22:15:54] [SEVERE ] placing card 63 in slot 0
[2022-12-15 22:15:54] [SEVERE ] placing card 13 in slot 1
[2022-12-15 22:15:54] [SEVERE ] placing card 77 in slot 2
[2022-12-15 22:15:54] [SEVERE ] placing card 58 in slot 3
[2022-12-15 22:15:55] [SEVERE ] placing card 9 in slot 4
[2022-12-15 22:15:55] [SEVERE ] placing card 19 in slot 5
[2022-12-15 22:15:55] [SEVERE ] placing card 68 in slot 6
[2022-12-15 22:15:55] [SEVERE ] placing card 64 in slot 7
[2022-12-15 22:15:55] [SEVERE ] placing card 52 in slot 8
[2022-12-15 22:15:55] [SEVERE ] placing card 24 in slot 9
[2022-12-15 22:15:55] [SEVERE ] placing card 79 in slot 10
[2022-12-15 22:15:55] [SEVERE ] placing card 33 in slot 11
[2022-12-15 22:16:00] [SEVERE ] Key 65 was pressed by player 0
[2022-12-15 22:16:18] [SEVERE ] player 0 placing token on slot 4
[2022-12-15 22:17:18] [SEVERE ] Key 87 was pressed by player 0
[2022-12-15 22:17:18] [SEVERE ] player 0 placing token on slot 1
