[2022-12-13 22:04:19] [INFO   ] cannot read configuration file config.properties trying from resources.
[2022-12-13 22:04:19] [INFO   ] configuration file was loaded from resources directory.
[2022-12-13 22:04:20] [INFO   ] Thread dealer starting.
[2022-12-13 22:04:20] [SEVERE ] placing card 12 in slot 0
[2022-12-13 22:04:20] [SEVERE ] placing card 50 in slot 1
[2022-12-13 22:04:21] [SEVERE ] placing card 38 in slot 2
[2022-12-13 22:04:21] [SEVERE ] placing card 18 in slot 3
[2022-12-13 22:04:21] [SEVERE ] placing card 25 in slot 4
[2022-12-13 22:04:21] [SEVERE ] placing card 34 in slot 5
[2022-12-13 22:04:21] [SEVERE ] placing card 34 in slot 6
[2022-12-13 22:04:21] [SEVERE ] placing card 53 in slot 7
[2022-12-13 22:04:21] [SEVERE ] placing card 19 in slot 8
[2022-12-13 22:04:21] [SEVERE ] placing card 18 in slot 9
[2022-12-13 22:04:21] [SEVERE ] placing card 53 in slot 10
[2022-12-13 22:04:22] [SEVERE ] placing card 13 in slot 11
[2022-12-13 22:04:58] [SEVERE ] Key 83 was pressed by player 0
[2022-12-13 22:04:58] [SEVERE ] placing card 0 in slot 5
[2022-12-13 22:04:58] [SEVERE ] player 0 placing token on slot 5
[2022-12-13 22:05:05] [SEVERE ] Key 65 was pressed by player 0
[2022-12-13 22:05:05] [SEVERE ] placing card 0 in slot 4
[2022-12-13 22:05:05] [SEVERE ] player 0 placing token on slot 4
[2022-12-13 22:05:08] [SEVERE ] Key 83 was pressed by player 0
[2022-12-13 22:05:08] [SEVERE ] Key 68 was pressed by player 0
[2022-12-13 22:05:08] [SEVERE ] placing card 0 in slot 6
[2022-12-13 22:05:08] [SEVERE ] player 0 placing token on slot 6
[2022-12-13 22:05:08] [SEVERE ] removing player 0 token from slot 5
[2022-12-13 22:05:08] [SEVERE ] removing player 0 token from slot 4
[2022-12-13 22:05:08] [SEVERE ] removing player 0 token from slot 6
[2022-12-13 22:05:08] [SEVERE ] setting player 0 score to 1
[2022-12-13 22:05:08] [SEVERE ] setting player 0 freeze to 1000
[2022-12-13 22:05:09] [SEVERE ] setting player 0 score to 2
[2022-12-13 22:05:20] [SEVERE ] Exit button pressed
