[2022-12-15 18:44:43] [INFO   ] cannot read configuration file config.properties trying from resources.
[2022-12-15 18:44:43] [INFO   ] configuration file was loaded from resources directory.
[2022-12-15 18:44:44] [INFO   ] Thread dealer starting.
[2022-12-15 18:44:44] [INFO   ] Thread Thread-3starting.
[2022-12-15 18:44:44] [INFO   ] Thread Thread-4starting.
[2022-12-15 18:44:44] [SEVERE ] placing card 28 in slot 0
[2022-12-15 18:44:44] [SEVERE ] placing card 12 in slot 1
[2022-12-15 18:44:44] [SEVERE ] placing card 4 in slot 2
[2022-12-15 18:44:44] [SEVERE ] placing card 44 in slot 3
[2022-12-15 18:44:44] [SEVERE ] placing card 65 in slot 4
[2022-12-15 18:44:44] [SEVERE ] placing card 36 in slot 5
[2022-12-15 18:44:44] [SEVERE ] placing card 9 in slot 6
[2022-12-15 18:44:44] [SEVERE ] placing card 32 in slot 7
[2022-12-15 18:44:45] [SEVERE ] placing card 47 in slot 8
[2022-12-15 18:44:45] [SEVERE ] placing card 79 in slot 9
[2022-12-15 18:44:45] [SEVERE ] placing card 33 in slot 10
[2022-12-15 18:44:45] [SEVERE ] placing card 70 in slot 11
[2022-12-15 18:44:46] [SEVERE ] Key 65 was pressed by player 0
[2022-12-15 18:45:45] [SEVERE ] player 0 placing token on slot 65
[2022-12-15 18:45:45] [SEVERE ] removing card from slot 0
[2022-12-15 18:45:45] [SEVERE ] removing card from slot 1
[2022-12-15 18:45:45] [SEVERE ] removing card from slot 2
[2022-12-15 18:45:46] [SEVERE ] removing card from slot 3
[2022-12-15 18:45:46] [SEVERE ] removing card from slot 4
[2022-12-15 18:45:46] [SEVERE ] removing card from slot 5
[2022-12-15 18:45:46] [SEVERE ] removing card from slot 6
[2022-12-15 18:45:46] [SEVERE ] removing card from slot 7
[2022-12-15 18:45:46] [SEVERE ] removing card from slot 8
[2022-12-15 18:45:46] [SEVERE ] removing card from slot 9
[2022-12-15 18:45:46] [SEVERE ] removing card from slot 10
[2022-12-15 18:45:46] [SEVERE ] removing card from slot 11
[2022-12-15 18:45:47] [SEVERE ] placing card 35 in slot 0
[2022-12-15 18:45:47] [SEVERE ] placing card 77 in slot 1
[2022-12-15 18:45:47] [SEVERE ] placing card 10 in slot 2
[2022-12-15 18:45:47] [SEVERE ] placing card 43 in slot 3
[2022-12-15 18:45:47] [SEVERE ] placing card 30 in slot 4
[2022-12-15 18:45:47] [SEVERE ] placing card 8 in slot 5
[2022-12-15 18:45:47] [SEVERE ] placing card 71 in slot 6
[2022-12-15 18:45:47] [SEVERE ] placing card 67 in slot 7
[2022-12-15 18:45:47] [SEVERE ] placing card 37 in slot 8
[2022-12-15 18:45:48] [SEVERE ] placing card 78 in slot 9
[2022-12-15 18:45:48] [SEVERE ] placing card 28 in slot 10
[2022-12-15 18:45:48] [SEVERE ] placing card 3 in slot 11
[2022-12-15 18:45:52] [SEVERE ] Key 65 was pressed by player 0
[2022-12-15 18:45:54] [SEVERE ] Key 83 was pressed by player 0
[2022-12-15 18:45:54] [SEVERE ] Key 68 was pressed by player 0
[2022-12-15 18:45:54] [SEVERE ] Key 83 was pressed by player 0
[2022-12-15 18:45:55] [SEVERE ] Key 65 was pressed by player 0
[2022-12-15 18:45:55] [SEVERE ] Key 65 was pressed by player 0
[2022-12-15 18:45:55] [SEVERE ] Key 65 was pressed by player 0
